mode: atomic
github.com/ChonlakanSutthimatmongkhol/ctx-saver/internal/config/config.go:14.54,15.42 1 0
github.com/ChonlakanSutthimatmongkhol/ctx-saver/internal/config/config.go:15.42,17.3 1 0
github.com/ChonlakanSutthimatmongkhol/ctx-saver/internal/config/config.go:18.2,18.28 1 0
github.com/ChonlakanSutthimatmongkhol/ctx-saver/internal/config/config.go:18.28,20.3 1 0
github.com/ChonlakanSutthimatmongkhol/ctx-saver/internal/config/config.go:73.24,105.2 1 4
github.com/ChonlakanSutthimatmongkhol/ctx-saver/internal/config/config.go:109.30,113.16 3 3
github.com/ChonlakanSutthimatmongkhol/ctx-saver/internal/config/config.go:113.16,116.3 1 0
github.com/ChonlakanSutthimatmongkhol/ctx-saver/internal/config/config.go:118.2,119.51 2 3
github.com/ChonlakanSutthimatmongkhol/ctx-saver/internal/config/config.go:119.51,121.3 1 0
github.com/ChonlakanSutthimatmongkhol/ctx-saver/internal/config/config.go:123.2,123.58 1 3
github.com/ChonlakanSutthimatmongkhol/ctx-saver/internal/config/config.go:123.58,125.3 1 0
github.com/ChonlakanSutthimatmongkhol/ctx-saver/internal/config/config.go:128.2,131.38 3 3
github.com/ChonlakanSutthimatmongkhol/ctx-saver/internal/config/config.go:131.38,133.3 1 1
github.com/ChonlakanSutthimatmongkhol/ctx-saver/internal/config/config.go:134.2,134.17 1 2
github.com/ChonlakanSutthimatmongkhol/ctx-saver/internal/config/config.go:138.48,140.24 2 6
github.com/ChonlakanSutthimatmongkhol/ctx-saver/internal/config/config.go:140.24,142.3 1 4
github.com/ChonlakanSutthimatmongkhol/ctx-saver/internal/config/config.go:143.2,143.16 1 2
github.com/ChonlakanSutthimatmongkhol/ctx-saver/internal/config/config.go:143.16,145.3 1 0
github.com/ChonlakanSutthimatmongkhol/ctx-saver/internal/config/config.go:146.2,146.34 1 2
github.com/ChonlakanSutthimatmongkhol/ctx-saver/internal/config/config.go:150.37,151.40 1 6
github.com/ChonlakanSutthimatmongkhol/ctx-saver/internal/config/config.go:151.40,153.17 2 0
github.com/ChonlakanSutthimatmongkhol/ctx-saver/internal/config/config.go:153.17,155.4 1 0
github.com/ChonlakanSutthimatmongkhol/ctx-saver/internal/config/config.go:157.2,157.13 1 6
github.com/ChonlakanSutthimatmongkhol/ctx-saver/internal/config/config.go:161.34,162.37 1 3
github.com/ChonlakanSutthimatmongkhol/ctx-saver/internal/config/config.go:162.37,164.3 1 1
github.com/ChonlakanSutthimatmongkhol/ctx-saver/internal/config/config.go:165.2,165.36 1 2
github.com/ChonlakanSutthimatmongkhol/ctx-saver/internal/config/config.go:165.36,167.3 1 0
github.com/ChonlakanSutthimatmongkhol/ctx-saver/internal/config/config.go:168.2,168.38 1 2
github.com/ChonlakanSutthimatmongkhol/ctx-saver/internal/config/config.go:168.38,170.3 1 0
github.com/ChonlakanSutthimatmongkhol/ctx-saver/internal/config/config.go:171.2,171.32 1 2
github.com/ChonlakanSutthimatmongkhol/ctx-saver/internal/config/config.go:171.32,173.3 1 0
github.com/ChonlakanSutthimatmongkhol/ctx-saver/internal/config/config.go:174.2,174.31 1 2
github.com/ChonlakanSutthimatmongkhol/ctx-saver/internal/config/config.go:174.31,176.3 1 0
github.com/ChonlakanSutthimatmongkhol/ctx-saver/internal/config/config.go:177.2,177.46 1 2
github.com/ChonlakanSutthimatmongkhol/ctx-saver/internal/config/config.go:177.46,179.3 1 0
github.com/ChonlakanSutthimatmongkhol/ctx-saver/internal/config/config.go:180.2,180.39 1 2
github.com/ChonlakanSutthimatmongkhol/ctx-saver/internal/config/config.go:180.39,182.3 1 0
github.com/ChonlakanSutthimatmongkhol/ctx-saver/internal/config/config.go:183.2,183.12 1 2
github.com/ChonlakanSutthimatmongkhol/ctx-saver/internal/summary/detector.go:18.62,19.41 1 6
github.com/ChonlakanSutthimatmongkhol/ctx-saver/internal/summary/detector.go:19.41,20.32 1 18
github.com/ChonlakanSutthimatmongkhol/ctx-saver/internal/summary/detector.go:20.32,22.4 1 4
github.com/ChonlakanSutthimatmongkhol/ctx-saver/internal/summary/detector.go:24.2,24.63 1 2
github.com/ChonlakanSutthimatmongkhol/ctx-saver/internal/summary/detector.go:28.98,29.41 1 1
github.com/ChonlakanSutthimatmongkhol/ctx-saver/internal/summary/detector.go:29.41,30.32 1 4
github.com/ChonlakanSutthimatmongkhol/ctx-saver/internal/summary/detector.go:30.32,32.4 1 0
github.com/ChonlakanSutthimatmongkhol/ctx-saver/internal/summary/detector.go:34.2,34.78 1 1
github.com/ChonlakanSutthimatmongkhol/ctx-saver/internal/summary/summary.go:23.71,24.22 1 4
github.com/ChonlakanSutthimatmongkhol/ctx-saver/internal/summary/summary.go:24.22,31.3 1 1
github.com/ChonlakanSutthimatmongkhol/ctx-saver/internal/summary/summary.go:34.2,39.20 5 3
github.com/ChonlakanSutthimatmongkhol/ctx-saver/internal/summary/summary.go:39.20,41.3 1 0
github.com/ChonlakanSutthimatmongkhol/ctx-saver/internal/summary/summary.go:42.2,42.19 1 3
github.com/ChonlakanSutthimatmongkhol/ctx-saver/internal/summary/summary.go:42.19,44.3 1 0
github.com/ChonlakanSutthimatmongkhol/ctx-saver/internal/summary/summary.go:46.2,47.26 2 3
github.com/ChonlakanSutthimatmongkhol/ctx-saver/internal/summary/summary.go:47.26,54.3 1 2
github.com/ChonlakanSutthimatmongkhol/ctx-saver/internal/summary/summary.go:56.2,59.38 3 1
github.com/ChonlakanSutthimatmongkhol/ctx-saver/internal/summary/summary.go:59.38,62.3 2 10
github.com/ChonlakanSutthimatmongkhol/ctx-saver/internal/summary/summary.go:63.2,64.49 2 1
github.com/ChonlakanSutthimatmongkhol/ctx-saver/internal/summary/summary.go:64.49,67.3 2 3
github.com/ChonlakanSutthimatmongkhol/ctx-saver/internal/summary/summary.go:69.2,69.59 1 1
github.com/ChonlakanSutthimatmongkhol/ctx-saver/internal/summary/summary.go:69.59,71.30 2 0
github.com/ChonlakanSutthimatmongkhol/ctx-saver/internal/summary/summary.go:71.30,74.4 2 0
github.com/ChonlakanSutthimatmongkhol/ctx-saver/internal/summary/summary.go:77.2,82.3 1 1
github.com/ChonlakanSutthimatmongkhol/ctx-saver/internal/summary/summary.go:86.47,88.29 2 1
github.com/ChonlakanSutthimatmongkhol/ctx-saver/internal/summary/summary.go:88.29,89.108 1 100
github.com/ChonlakanSutthimatmongkhol/ctx-saver/internal/summary/summary.go:89.108,91.4 1 0
github.com/ChonlakanSutthimatmongkhol/ctx-saver/internal/summary/summary.go:93.2,93.12 1 1
github.com/ChonlakanSutthimatmongkhol/ctx-saver/internal/summary/summary.go:97.75,100.2 1 1
github.com/ChonlakanSutthimatmongkhol/ctx-saver/internal/summary/formats/flutter.go:9.46,9.71 1 0
github.com/ChonlakanSutthimatmongkhol/ctx-saver/internal/summary/formats/flutter.go:12.75,13.47 1 6
github.com/ChonlakanSutthimatmongkhol/ctx-saver/internal/summary/formats/flutter.go:13.47,15.3 1 1
github.com/ChonlakanSutthimatmongkhol/ctx-saver/internal/summary/formats/flutter.go:16.2,19.46 2 5
github.com/ChonlakanSutthimatmongkhol/ctx-saver/internal/summary/formats/flutter.go:23.65,25.2 1 3
github.com/ChonlakanSutthimatmongkhol/ctx-saver/internal/summary/formats/flutter_test_impl.go:18.46,30.29 10 3
github.com/ChonlakanSutthimatmongkhol/ctx-saver/internal/summary/formats/flutter_test_impl.go:30.29,31.62 1 38
github.com/ChonlakanSutthimatmongkhol/ctx-saver/internal/summary/formats/flutter_test_impl.go:31.62,32.62 1 18
github.com/ChonlakanSutthimatmongkhol/ctx-saver/internal/summary/formats/flutter_test_impl.go:32.62,34.5 1 11
github.com/ChonlakanSutthimatmongkhol/ctx-saver/internal/summary/formats/flutter_test_impl.go:36.3,36.62 1 38
github.com/ChonlakanSutthimatmongkhol/ctx-saver/internal/summary/formats/flutter_test_impl.go:36.62,37.48 1 4
github.com/ChonlakanSutthimatmongkhol/ctx-saver/internal/summary/formats/flutter_test_impl.go:37.48,39.5 1 4
github.com/ChonlakanSutthimatmongkhol/ctx-saver/internal/summary/formats/flutter_test_impl.go:41.3,41.63 1 38
github.com/ChonlakanSutthimatmongkhol/ctx-saver/internal/summary/formats/flutter_test_impl.go:41.63,42.48 1 2
github.com/ChonlakanSutthimatmongkhol/ctx-saver/internal/summary/formats/flutter_test_impl.go:42.48,44.5 1 2
github.com/ChonlakanSutthimatmongkhol/ctx-saver/internal/summary/formats/flutter_test_impl.go:46.3,46.59 1 38
github.com/ChonlakanSutthimatmongkhol/ctx-saver/internal/summary/formats/flutter_test_impl.go:46.59,48.4 1 2
github.com/ChonlakanSutthimatmongkhol/ctx-saver/internal/summary/formats/flutter_test_impl.go:49.3,49.60 1 38
github.com/ChonlakanSutthimatmongkhol/ctx-saver/internal/summary/formats/flutter_test_impl.go:49.60,51.4 1 2
github.com/ChonlakanSutthimatmongkhol/ctx-saver/internal/summary/formats/flutter_test_impl.go:54.2,56.27 3 3
github.com/ChonlakanSutthimatmongkhol/ctx-saver/internal/summary/formats/flutter_test_impl.go:56.27,59.3 1 1
github.com/ChonlakanSutthimatmongkhol/ctx-saver/internal/summary/formats/flutter_test_impl.go:59.8,59.20 1 2
github.com/ChonlakanSutthimatmongkhol/ctx-saver/internal/summary/formats/flutter_test_impl.go:59.20,61.3 1 1
github.com/ChonlakanSutthimatmongkhol/ctx-saver/internal/summary/formats/flutter_test_impl.go:61.8,64.3 1 1
github.com/ChonlakanSutthimatmongkhol/ctx-saver/internal/summary/formats/flutter_test_impl.go:65.2,65.18 1 3
github.com/ChonlakanSutthimatmongkhol/ctx-saver/internal/summary/formats/flutter_test_impl.go:65.18,67.3 1 2
github.com/ChonlakanSutthimatmongkhol/ctx-saver/internal/summary/formats/flutter_test_impl.go:68.2,68.26 1 3
github.com/ChonlakanSutthimatmongkhol/ctx-saver/internal/summary/formats/flutter_test_impl.go:68.26,70.33 2 1
github.com/ChonlakanSutthimatmongkhol/ctx-saver/internal/summary/formats/flutter_test_impl.go:70.33,72.4 1 2
github.com/ChonlakanSutthimatmongkhol/ctx-saver/internal/summary/formats/flutter_test_impl.go:74.2,88.3 2 3
github.com/ChonlakanSutthimatmongkhol/ctx-saver/internal/summary/formats/generic.go:17.42,17.62 1 0
github.com/ChonlakanSutthimatmongkhol/ctx-saver/internal/summary/formats/generic.go:20.60,20.75 1 0
github.com/ChonlakanSutthimatmongkhol/ctx-saver/internal/summary/formats/generic.go:25.61,27.21 2 0
github.com/ChonlakanSutthimatmongkhol/ctx-saver/internal/summary/formats/generic.go:27.21,34.3 1 0
github.com/ChonlakanSutthimatmongkhol/ctx-saver/internal/summary/formats/generic.go:36.2,38.20 3 0
github.com/ChonlakanSutthimatmongkhol/ctx-saver/internal/summary/formats/generic.go:38.20,40.3 1 0
github.com/ChonlakanSutthimatmongkhol/ctx-saver/internal/summary/formats/generic.go:41.2,41.19 1 0
github.com/ChonlakanSutthimatmongkhol/ctx-saver/internal/summary/formats/generic.go:41.19,43.3 1 0
github.com/ChonlakanSutthimatmongkhol/ctx-saver/internal/summary/formats/generic.go:45.2,50.26 5 0
github.com/ChonlakanSutthimatmongkhol/ctx-saver/internal/summary/formats/generic.go:50.26,57.3 1 0
github.com/ChonlakanSutthimatmongkhol/ctx-saver/internal/summary/formats/generic.go:59.2,61.38 3 0
github.com/ChonlakanSutthimatmongkhol/ctx-saver/internal/summary/formats/generic.go:61.38,64.3 2 0
github.com/ChonlakanSutthimatmongkhol/ctx-saver/internal/summary/formats/generic.go:65.2,66.49 2 0
github.com/ChonlakanSutthimatmongkhol/ctx-saver/internal/summary/formats/generic.go:66.49,69.3 2 0
github.com/ChonlakanSutthimatmongkhol/ctx-saver/internal/summary/formats/generic.go:71.2,76.3 1 0
github.com/ChonlakanSutthimatmongkhol/ctx-saver/internal/summary/formats/git_log.go:9.41,9.61 1 0
github.com/ChonlakanSutthimatmongkhol/ctx-saver/internal/summary/formats/git_log.go:12.70,13.42 1 5
github.com/ChonlakanSutthimatmongkhol/ctx-saver/internal/summary/formats/git_log.go:13.42,15.3 1 1
github.com/ChonlakanSutthimatmongkhol/ctx-saver/internal/summary/formats/git_log.go:16.2,17.76 2 4
github.com/ChonlakanSutthimatmongkhol/ctx-saver/internal/summary/formats/git_log.go:21.60,23.2 1 2
github.com/ChonlakanSutthimatmongkhol/ctx-saver/internal/summary/formats/git_log_impl.go:18.45,29.34 8 2
github.com/ChonlakanSutthimatmongkhol/ctx-saver/internal/summary/formats/git_log_impl.go:29.34,31.3 1 5
github.com/ChonlakanSutthimatmongkhol/ctx-saver/internal/summary/formats/git_log_impl.go:32.2,37.40 3 2
github.com/ChonlakanSutthimatmongkhol/ctx-saver/internal/summary/formats/git_log_impl.go:37.40,39.3 1 2
github.com/ChonlakanSutthimatmongkhol/ctx-saver/internal/summary/formats/git_log_impl.go:40.2,40.42 1 2
github.com/ChonlakanSutthimatmongkhol/ctx-saver/internal/summary/formats/git_log_impl.go:40.42,40.88 1 1
github.com/ChonlakanSutthimatmongkhol/ctx-saver/internal/summary/formats/git_log_impl.go:43.2,49.67 5 2
github.com/ChonlakanSutthimatmongkhol/ctx-saver/internal/summary/formats/git_log_impl.go:49.67,54.3 4 1
github.com/ChonlakanSutthimatmongkhol/ctx-saver/internal/summary/formats/git_log_impl.go:55.2,55.67 1 2
github.com/ChonlakanSutthimatmongkhol/ctx-saver/internal/summary/formats/git_log_impl.go:55.67,60.3 4 1
github.com/ChonlakanSutthimatmongkhol/ctx-saver/internal/summary/formats/git_log_impl.go:62.2,62.22 1 2
github.com/ChonlakanSutthimatmongkhol/ctx-saver/internal/summary/formats/git_log_impl.go:62.22,65.27 3 1
github.com/ChonlakanSutthimatmongkhol/ctx-saver/internal/summary/formats/git_log_impl.go:65.27,67.4 1 1
github.com/ChonlakanSutthimatmongkhol/ctx-saver/internal/summary/formats/git_log_impl.go:68.3,68.37 1 1
github.com/ChonlakanSutthimatmongkhol/ctx-saver/internal/summary/formats/git_log_impl.go:68.37,70.4 1 2
github.com/ChonlakanSutthimatmongkhol/ctx-saver/internal/summary/formats/git_log_impl.go:72.2,83.3 2 2
github.com/ChonlakanSutthimatmongkhol/ctx-saver/internal/summary/formats/git_log_impl.go:87.43,95.33 4 2
github.com/ChonlakanSutthimatmongkhol/ctx-saver/internal/summary/formats/git_log_impl.go:95.33,97.17 2 2
github.com/ChonlakanSutthimatmongkhol/ctx-saver/internal/summary/formats/git_log_impl.go:97.17,98.9 1 2
github.com/ChonlakanSutthimatmongkhol/ctx-saver/internal/summary/formats/git_log_impl.go:101.2,101.16 1 2
github.com/ChonlakanSutthimatmongkhol/ctx-saver/internal/summary/formats/git_log_impl.go:101.16,103.3 1 0
github.com/ChonlakanSutthimatmongkhol/ctx-saver/internal/summary/formats/git_log_impl.go:104.2,105.9 2 2
github.com/ChonlakanSutthimatmongkhol/ctx-saver/internal/summary/formats/git_log_impl.go:106.27,107.51 1 0
github.com/ChonlakanSutthimatmongkhol/ctx-saver/internal/summary/formats/git_log_impl.go:108.30,109.54 1 2
github.com/ChonlakanSutthimatmongkhol/ctx-saver/internal/summary/formats/git_log_impl.go:110.31,111.60 1 0
github.com/ChonlakanSutthimatmongkhol/ctx-saver/internal/summary/formats/git_log_impl.go:112.10,113.61 1 0
github.com/ChonlakanSutthimatmongkhol/ctx-saver/internal/summary/formats/go_test_impl.go:26.45,38.29 10 4
github.com/ChonlakanSutthimatmongkhol/ctx-saver/internal/summary/formats/go_test_impl.go:38.29,39.56 1 42
github.com/ChonlakanSutthimatmongkhol/ctx-saver/internal/summary/formats/go_test_impl.go:39.56,43.4 3 5
github.com/ChonlakanSutthimatmongkhol/ctx-saver/internal/summary/formats/go_test_impl.go:43.9,43.65 1 37
github.com/ChonlakanSutthimatmongkhol/ctx-saver/internal/summary/formats/go_test_impl.go:43.65,46.4 2 1
github.com/ChonlakanSutthimatmongkhol/ctx-saver/internal/summary/formats/go_test_impl.go:46.9,46.62 1 36
github.com/ChonlakanSutthimatmongkhol/ctx-saver/internal/summary/formats/go_test_impl.go:46.62,50.4 3 2
github.com/ChonlakanSutthimatmongkhol/ctx-saver/internal/summary/formats/go_test_impl.go:50.9,50.70 1 34
github.com/ChonlakanSutthimatmongkhol/ctx-saver/internal/summary/formats/go_test_impl.go:50.70,52.4 1 14
github.com/ChonlakanSutthimatmongkhol/ctx-saver/internal/summary/formats/go_test_impl.go:52.9,52.28 1 20
github.com/ChonlakanSutthimatmongkhol/ctx-saver/internal/summary/formats/go_test_impl.go:52.28,53.59 1 2
github.com/ChonlakanSutthimatmongkhol/ctx-saver/internal/summary/formats/go_test_impl.go:53.59,55.5 1 1
github.com/ChonlakanSutthimatmongkhol/ctx-saver/internal/summary/formats/go_test_impl.go:57.3,57.59 1 42
github.com/ChonlakanSutthimatmongkhol/ctx-saver/internal/summary/formats/go_test_impl.go:57.59,59.4 1 5
github.com/ChonlakanSutthimatmongkhol/ctx-saver/internal/summary/formats/go_test_impl.go:61.2,64.17 3 4
github.com/ChonlakanSutthimatmongkhol/ctx-saver/internal/summary/formats/go_test_impl.go:64.17,66.3 1 1
github.com/ChonlakanSutthimatmongkhol/ctx-saver/internal/summary/formats/go_test_impl.go:66.8,68.3 1 3
github.com/ChonlakanSutthimatmongkhol/ctx-saver/internal/summary/formats/go_test_impl.go:69.2,69.26 1 4
github.com/ChonlakanSutthimatmongkhol/ctx-saver/internal/summary/formats/go_test_impl.go:69.26,71.34 2 1
github.com/ChonlakanSutthimatmongkhol/ctx-saver/internal/summary/formats/go_test_impl.go:71.34,73.32 2 2
github.com/ChonlakanSutthimatmongkhol/ctx-saver/internal/summary/formats/go_test_impl.go:73.32,75.5 1 1
github.com/ChonlakanSutthimatmongkhol/ctx-saver/internal/summary/formats/go_test_impl.go:78.2,78.20 1 4
github.com/ChonlakanSutthimatmongkhol/ctx-saver/internal/summary/formats/go_test_impl.go:78.20,80.3 1 3
github.com/ChonlakanSutthimatmongkhol/ctx-saver/internal/summary/formats/go_test_impl.go:81.2,93.3 2 4
github.com/ChonlakanSutthimatmongkhol/ctx-saver/internal/summary/formats/gotest.go:9.41,9.61 1 0
github.com/ChonlakanSutthimatmongkhol/ctx-saver/internal/summary/formats/gotest.go:12.70,13.42 1 7
github.com/ChonlakanSutthimatmongkhol/ctx-saver/internal/summary/formats/gotest.go:13.42,15.3 1 1
github.com/ChonlakanSutthimatmongkhol/ctx-saver/internal/summary/formats/gotest.go:16.2,20.44 5 6
github.com/ChonlakanSutthimatmongkhol/ctx-saver/internal/summary/formats/gotest.go:24.60,26.2 1 4
github.com/ChonlakanSutthimatmongkhol/ctx-saver/internal/summary/formats/json.go:9.39,9.56 1 0
github.com/ChonlakanSutthimatmongkhol/ctx-saver/internal/summary/formats/json.go:12.62,14.23 2 8
github.com/ChonlakanSutthimatmongkhol/ctx-saver/internal/summary/formats/json.go:14.23,16.3 1 1
github.com/ChonlakanSutthimatmongkhol/ctx-saver/internal/summary/formats/json.go:17.2,17.71 1 7
github.com/ChonlakanSutthimatmongkhol/ctx-saver/internal/summary/formats/json.go:21.58,23.2 1 3
github.com/ChonlakanSutthimatmongkhol/ctx-saver/internal/summary/formats/json_impl.go:10.31,12.2 1 6
github.com/ChonlakanSutthimatmongkhol/ctx-saver/internal/summary/formats/json_impl.go:14.43,21.51 6 3
github.com/ChonlakanSutthimatmongkhol/ctx-saver/internal/summary/formats/json_impl.go:21.51,29.3 1 0
github.com/ChonlakanSutthimatmongkhol/ctx-saver/internal/summary/formats/json_impl.go:31.2,32.26 2 3
github.com/ChonlakanSutthimatmongkhol/ctx-saver/internal/summary/formats/json_impl.go:33.22,36.28 3 2
github.com/ChonlakanSutthimatmongkhol/ctx-saver/internal/summary/formats/json_impl.go:36.28,38.4 1 7
github.com/ChonlakanSutthimatmongkhol/ctx-saver/internal/summary/formats/json_impl.go:40.3,40.28 1 2
github.com/ChonlakanSutthimatmongkhol/ctx-saver/internal/summary/formats/json_impl.go:40.28,41.50 1 1
github.com/ChonlakanSutthimatmongkhol/ctx-saver/internal/summary/formats/json_impl.go:41.50,44.10 3 1
github.com/ChonlakanSutthimatmongkhol/ctx-saver/internal/summary/formats/json_impl.go:47.3,47.63 1 2
github.com/ChonlakanSutthimatmongkhol/ctx-saver/internal/summary/formats/json_impl.go:49.13,51.20 2 1
github.com/ChonlakanSutthimatmongkhol/ctx-saver/internal/summary/formats/json_impl.go:51.20,53.47 2 1
github.com/ChonlakanSutthimatmongkhol/ctx-saver/internal/summary/formats/json_impl.go:53.47,55.24 2 1
github.com/ChonlakanSutthimatmongkhol/ctx-saver/internal/summary/formats/json_impl.go:55.24,57.24 2 5
github.com/ChonlakanSutthimatmongkhol/ctx-saver/internal/summary/formats/json_impl.go:57.24,58.12 1 1
github.com/ChonlakanSutthimatmongkhol/ctx-saver/internal/summary/formats/json_impl.go:61.5,61.79 1 1
github.com/ChonlakanSutthimatmongkhol/ctx-saver/internal/summary/formats/json_impl.go:63.4,63.79 1 1
github.com/ChonlakanSutthimatmongkhol/ctx-saver/internal/summary/formats/json_impl.go:65.3,65.64 1 1
github.com/ChonlakanSutthimatmongkhol/ctx-saver/internal/summary/formats/json_impl.go:68.2,73.3 1 3
github.com/ChonlakanSutthimatmongkhol/ctx-saver/internal/summary/formats/json_impl.go:76.34,77.25 1 7
github.com/ChonlakanSutthimatmongkhol/ctx-saver/internal/summary/formats/json_impl.go:78.14,79.21 1 3
github.com/ChonlakanSutthimatmongkhol/ctx-saver/internal/summary/formats/json_impl.go:79.21,81.4 1 3
github.com/ChonlakanSutthimatmongkhol/ctx-saver/internal/summary/formats/json_impl.go:82.3,82.52 1 0
github.com/ChonlakanSutthimatmongkhol/ctx-saver/internal/summary/formats/json_impl.go:83.15,84.32 1 0
github.com/ChonlakanSutthimatmongkhol/ctx-saver/internal/summary/formats/json_impl.go:85.12,86.32 1 0
github.com/ChonlakanSutthimatmongkhol/ctx-saver/internal/summary/formats/json_impl.go:87.11,88.16 1 0
github.com/ChonlakanSutthimatmongkhol/ctx-saver/internal/summary/formats/json_impl.go:89.13,90.51 1 2
github.com/ChonlakanSutthimatmongkhol/ctx-saver/internal/summary/formats/json_impl.go:91.22,92.51 1 2
github.com/ChonlakanSutthimatmongkhol/ctx-saver/internal/summary/formats/json_impl.go:93.10,94.30 1 0
github.com/ChonlakanSutthimatmongkhol/ctx-saver/internal/summary/formats/json_impl.go:98.29,99.18 1 1
github.com/ChonlakanSutthimatmongkhol/ctx-saver/internal/summary/formats/json_impl.go:100.22,101.18 1 1
github.com/ChonlakanSutthimatmongkhol/ctx-saver/internal/summary/formats/json_impl.go:102.13,103.17 1 0
github.com/ChonlakanSutthimatmongkhol/ctx-saver/internal/summary/formats/json_impl.go:104.14,105.18 1 0
github.com/ChonlakanSutthimatmongkhol/ctx-saver/internal/summary/formats/json_impl.go:106.15,107.18 1 0
github.com/ChonlakanSutthimatmongkhol/ctx-saver/internal/summary/formats/json_impl.go:108.12,109.19 1 0
github.com/ChonlakanSutthimatmongkhol/ctx-saver/internal/summary/formats/json_impl.go:110.11,111.16 1 0
github.com/ChonlakanSutthimatmongkhol/ctx-saver/internal/summary/formats/json_impl.go:112.10,113.19 1 0
github.com/ChonlakanSutthimatmongkhol/ctx-saver/internal/summary/formats/json_impl.go:117.35,119.16 2 2
github.com/ChonlakanSutthimatmongkhol/ctx-saver/internal/summary/formats/json_impl.go:119.16,121.3 1 0
github.com/ChonlakanSutthimatmongkhol/ctx-saver/internal/summary/formats/json_impl.go:122.2,123.18 2 2
github.com/ChonlakanSutthimatmongkhol/ctx-saver/internal/summary/formats/json_impl.go:123.18,125.3 1 0
github.com/ChonlakanSutthimatmongkhol/ctx-saver/internal/summary/formats/json_impl.go:126.2,126.10 1 2
github.com/ChonlakanSutthimatmongkhol/ctx-saver/internal/summary/formats/json_impl.go:129.33,130.18 1 3
github.com/ChonlakanSutthimatmongkhol/ctx-saver/internal/summary/formats/json_impl.go:130.18,132.3 1 3
github.com/ChonlakanSutthimatmongkhol/ctx-saver/internal/summary/formats/json_impl.go:133.2,133.52 1 0
github.com/ChonlakanSutthimatmongkhol/ctx-saver/internal/hooks/helpers.go:12.44,13.15 1 5
github.com/ChonlakanSutthimatmongkhol/ctx-saver/internal/hooks/helpers.go:13.15,15.17 2 1
github.com/ChonlakanSutthimatmongkhol/ctx-saver/internal/hooks/helpers.go:15.17,17.4 1 1
github.com/ChonlakanSutthimatmongkhol/ctx-saver/internal/hooks/helpers.go:18.3,18.19 1 0
github.com/ChonlakanSutthimatmongkhol/ctx-saver/internal/hooks/helpers.go:20.2,20.28 1 4
github.com/ChonlakanSutthimatmongkhol/ctx-saver/internal/hooks/helpers.go:25.48,26.21 1 5
github.com/ChonlakanSutthimatmongkhol/ctx-saver/internal/hooks/helpers.go:26.21,28.3 1 4
github.com/ChonlakanSutthimatmongkhol/ctx-saver/internal/hooks/helpers.go:29.2,31.16 3 1
github.com/ChonlakanSutthimatmongkhol/ctx-saver/internal/hooks/helpers.go:31.16,33.3 1 0
github.com/ChonlakanSutthimatmongkhol/ctx-saver/internal/hooks/helpers.go:34.2,34.30 1 1
github.com/ChonlakanSutthimatmongkhol/ctx-saver/internal/hooks/posttooluse.go:19.69,21.16 2 2
github.com/ChonlakanSutthimatmongkhol/ctx-saver/internal/hooks/posttooluse.go:21.16,25.3 2 0
github.com/ChonlakanSutthimatmongkhol/ctx-saver/internal/hooks/posttooluse.go:27.2,47.15 8 2
github.com/ChonlakanSutthimatmongkhol/ctx-saver/internal/hooks/posttooluse.go:47.15,48.57 1 1
github.com/ChonlakanSutthimatmongkhol/ctx-saver/internal/hooks/posttooluse.go:48.57,50.4 1 0
github.com/ChonlakanSutthimatmongkhol/ctx-saver/internal/hooks/posttooluse.go:53.2,54.12 2 2
github.com/ChonlakanSutthimatmongkhol/ctx-saver/internal/hooks/posttooluse.go:59.38,60.14 1 3
github.com/ChonlakanSutthimatmongkhol/ctx-saver/internal/hooks/posttooluse.go:60.14,62.3 1 1
github.com/ChonlakanSutthimatmongkhol/ctx-saver/internal/hooks/posttooluse.go:63.2,63.23 1 2
github.com/ChonlakanSutthimatmongkhol/ctx-saver/internal/hooks/posttooluse.go:64.14,65.11 1 1
github.com/ChonlakanSutthimatmongkhol/ctx-saver/internal/hooks/posttooluse.go:66.13,68.26 2 1
github.com/ChonlakanSutthimatmongkhol/ctx-saver/internal/hooks/posttooluse.go:68.26,69.42 1 2
github.com/ChonlakanSutthimatmongkhol/ctx-saver/internal/hooks/posttooluse.go:69.42,70.43 1 2
github.com/ChonlakanSutthimatmongkhol/ctx-saver/internal/hooks/posttooluse.go:70.43,72.6 1 2
github.com/ChonlakanSutthimatmongkhol/ctx-saver/internal/hooks/posttooluse.go:75.3,75.35 1 1
github.com/ChonlakanSutthimatmongkhol/ctx-saver/internal/hooks/posttooluse.go:77.2,77.29 1 0
github.com/ChonlakanSutthimatmongkhol/ctx-saver/internal/hooks/posttooluse.go:81.80,83.15 2 2
github.com/ChonlakanSutthimatmongkhol/ctx-saver/internal/hooks/posttooluse.go:83.15,85.3 1 0
github.com/ChonlakanSutthimatmongkhol/ctx-saver/internal/hooks/posttooluse.go:86.2,89.81 3 2
github.com/ChonlakanSutthimatmongkhol/ctx-saver/internal/hooks/posttooluse.go:89.81,91.3 1 2
github.com/ChonlakanSutthimatmongkhol/ctx-saver/internal/hooks/posttooluse.go:93.2,93.25 1 2
github.com/ChonlakanSutthimatmongkhol/ctx-saver/internal/hooks/posttooluse.go:93.25,95.3 1 1
github.com/ChonlakanSutthimatmongkhol/ctx-saver/internal/hooks/posttooluse.go:96.2,96.46 1 1
github.com/ChonlakanSutthimatmongkhol/ctx-saver/internal/hooks/posttooluse.go:100.32,101.14 1 2
github.com/ChonlakanSutthimatmongkhol/ctx-saver/internal/hooks/posttooluse.go:101.14,103.3 1 0
github.com/ChonlakanSutthimatmongkhol/ctx-saver/internal/hooks/posttooluse.go:104.2,105.16 2 2
github.com/ChonlakanSutthimatmongkhol/ctx-saver/internal/hooks/posttooluse.go:105.16,107.3 1 0
github.com/ChonlakanSutthimatmongkhol/ctx-saver/internal/hooks/posttooluse.go:108.2,108.18 1 2
github.com/ChonlakanSutthimatmongkhol/ctx-saver/internal/hooks/posttooluse.go:114.41,115.19 1 9
github.com/ChonlakanSutthimatmongkhol/ctx-saver/internal/hooks/posttooluse.go:115.19,117.3 1 8
github.com/ChonlakanSutthimatmongkhol/ctx-saver/internal/hooks/posttooluse.go:119.2,119.41 1 1
github.com/ChonlakanSutthimatmongkhol/ctx-saver/internal/hooks/posttooluse.go:119.41,121.3 1 1
github.com/ChonlakanSutthimatmongkhol/ctx-saver/internal/hooks/posttooluse.go:122.2,122.24 1 1
github.com/ChonlakanSutthimatmongkhol/ctx-saver/internal/hooks/pretooluse.go:17.67,19.16 2 3
github.com/ChonlakanSutthimatmongkhol/ctx-saver/internal/hooks/pretooluse.go:19.16,21.3 1 1
github.com/ChonlakanSutthimatmongkhol/ctx-saver/internal/hooks/pretooluse.go:23.2,26.20 3 2
github.com/ChonlakanSutthimatmongkhol/ctx-saver/internal/hooks/pretooluse.go:26.20,28.3 1 1
github.com/ChonlakanSutthimatmongkhol/ctx-saver/internal/hooks/pretooluse.go:30.2,35.4 1 1
github.com/ChonlakanSutthimatmongkhol/ctx-saver/internal/hooks/pretooluse.go:40.46,41.58 1 4
github.com/ChonlakanSutthimatmongkhol/ctx-saver/internal/hooks/pretooluse.go:41.58,42.30 1 4
github.com/ChonlakanSutthimatmongkhol/ctx-saver/internal/hooks/pretooluse.go:42.30,43.31 1 4
github.com/ChonlakanSutthimatmongkhol/ctx-saver/internal/hooks/pretooluse.go:43.31,45.5 1 4
github.com/ChonlakanSutthimatmongkhol/ctx-saver/internal/hooks/pretooluse.go:49.2,49.11 1 0
github.com/ChonlakanSutthimatmongkhol/ctx-saver/internal/hooks/pretooluse.go:53.60,59.2 1 2
github.com/ChonlakanSutthimatmongkhol/ctx-saver/internal/hooks/pretooluse.go:62.48,64.58 2 8
github.com/ChonlakanSutthimatmongkhol/ctx-saver/internal/hooks/pretooluse.go:64.58,66.3 1 1
github.com/ChonlakanSutthimatmongkhol/ctx-saver/internal/hooks/pretooluse.go:67.2,67.19 1 7
github.com/ChonlakanSutthimatmongkhol/ctx-saver/internal/hooks/pretooluse.go:71.42,75.2 3 6
github.com/ChonlakanSutthimatmongkhol/ctx-saver/internal/hooks/routing.go:68.34,69.38 1 10
github.com/ChonlakanSutthimatmongkhol/ctx-saver/internal/hooks/routing.go:69.38,70.26 1 34
github.com/ChonlakanSutthimatmongkhol/ctx-saver/internal/hooks/routing.go:70.26,72.4 1 3
github.com/ChonlakanSutthimatmongkhol/ctx-saver/internal/hooks/routing.go:74.2,74.14 1 7
github.com/ChonlakanSutthimatmongkhol/ctx-saver/internal/hooks/routing.go:109.56,112.49 2 18
github.com/ChonlakanSutthimatmongkhol/ctx-saver/internal/hooks/routing.go:112.49,114.3 1 2
github.com/ChonlakanSutthimatmongkhol/ctx-saver/internal/hooks/routing.go:117.2,117.39 1 16
github.com/ChonlakanSutthimatmongkhol/ctx-saver/internal/hooks/routing.go:117.39,118.26 1 187
github.com/ChonlakanSutthimatmongkhol/ctx-saver/internal/hooks/routing.go:118.26,123.4 1 6
github.com/ChonlakanSutthimatmongkhol/ctx-saver/internal/hooks/routing.go:127.2,127.40 1 10
github.com/ChonlakanSutthimatmongkhol/ctx-saver/internal/hooks/routing.go:127.40,129.45 1 43
github.com/ChonlakanSutthimatmongkhol/ctx-saver/internal/hooks/routing.go:129.45,130.12 1 3
github.com/ChonlakanSutthimatmongkhol/ctx-saver/internal/hooks/routing.go:132.3,132.36 1 40
github.com/ChonlakanSutthimatmongkhol/ctx-saver/internal/hooks/routing.go:132.36,137.4 1 3
github.com/ChonlakanSutthimatmongkhol/ctx-saver/internal/hooks/routing.go:140.2,140.37 1 7
github.com/ChonlakanSutthimatmongkhol/ctx-saver/internal/hooks/routing.go:143.24,144.11 1 6
github.com/ChonlakanSutthimatmongkhol/ctx-saver/internal/hooks/routing.go:144.11,146.3 1 0
github.com/ChonlakanSutthimatmongkhol/ctx-saver/internal/hooks/routing.go:147.2,147.10 1 6
github.com/ChonlakanSutthimatmongkhol/ctx-saver/internal/hooks/sessionstart.go:31.81,33.16 2 3
github.com/ChonlakanSutthimatmongkhol/ctx-saver/internal/hooks/sessionstart.go:33.16,36.3 1 0
github.com/ChonlakanSutthimatmongkhol/ctx-saver/internal/hooks/sessionstart.go:38.2,47.15 6 3
github.com/ChonlakanSutthimatmongkhol/ctx-saver/internal/hooks/sessionstart.go:47.15,49.36 2 3
github.com/ChonlakanSutthimatmongkhol/ctx-saver/internal/hooks/sessionstart.go:49.36,53.29 3 1
github.com/ChonlakanSutthimatmongkhol/ctx-saver/internal/hooks/sessionstart.go:53.29,55.19 2 1
github.com/ChonlakanSutthimatmongkhol/ctx-saver/internal/hooks/sessionstart.go:55.19,58.6 2 1
github.com/ChonlakanSutthimatmongkhol/ctx-saver/internal/hooks/sessionstart.go:60.4,60.24 1 1
github.com/ChonlakanSutthimatmongkhol/ctx-saver/internal/hooks/sessionstart.go:60.24,62.31 2 1
github.com/ChonlakanSutthimatmongkhol/ctx-saver/internal/hooks/sessionstart.go:62.31,65.6 2 1
github.com/ChonlakanSutthimatmongkhol/ctx-saver/internal/hooks/sessionstart.go:70.3,76.5 1 3
github.com/ChonlakanSutthimatmongkhol/ctx-saver/internal/hooks/sessionstart.go:79.2,79.63 1 3
github.com/ChonlakanSutthimatmongkhol/ctx-saver/internal/hooks/sessionstart.go:84.33,85.44 1 1
github.com/ChonlakanSutthimatmongkhol/ctx-saver/internal/hooks/sessionstart.go:85.44,87.3 1 1
github.com/ChonlakanSutthimatmongkhol/ctx-saver/internal/hooks/sessionstart.go:88.2,88.10 1 0
github.com/ChonlakanSutthimatmongkhol/ctx-saver/internal/hooks/sessionstart.go:91.75,98.2 1 3
github.com/ChonlakanSutthimatmongkhol/ctx-saver/internal/handlers/execute.go:56.125,58.2 1 8
github.com/ChonlakanSutthimatmongkhol/ctx-saver/internal/handlers/execute.go:61.142,62.22 1 8
github.com/ChonlakanSutthimatmongkhol/ctx-saver/internal/handlers/execute.go:62.22,64.3 1 1
github.com/ChonlakanSutthimatmongkhol/ctx-saver/internal/handlers/execute.go:66.2,76.16 4 7
github.com/ChonlakanSutthimatmongkhol/ctx-saver/internal/handlers/execute.go:76.16,78.3 1 1
github.com/ChonlakanSutthimatmongkhol/ctx-saver/internal/handlers/execute.go:80.2,81.42 2 6
github.com/ChonlakanSutthimatmongkhol/ctx-saver/internal/handlers/execute.go:81.42,84.3 1 1
github.com/ChonlakanSutthimatmongkhol/ctx-saver/internal/handlers/execute.go:86.2,93.37 3 5
github.com/ChonlakanSutthimatmongkhol/ctx-saver/internal/handlers/execute.go:93.37,96.30 2 2
github.com/ChonlakanSutthimatmongkhol/ctx-saver/internal/handlers/execute.go:96.30,98.4 1 0
github.com/ChonlakanSutthimatmongkhol/ctx-saver/internal/handlers/execute.go:99.3,103.9 2 2
github.com/ChonlakanSutthimatmongkhol/ctx-saver/internal/handlers/execute.go:107.2,108.28 2 3
github.com/ChonlakanSutthimatmongkhol/ctx-saver/internal/handlers/execute.go:108.28,110.3 1 1
github.com/ChonlakanSutthimatmongkhol/ctx-saver/internal/handlers/execute.go:111.2,112.31 2 3
github.com/ChonlakanSutthimatmongkhol/ctx-saver/internal/handlers/execute.go:112.31,115.3 2 3
github.com/ChonlakanSutthimatmongkhol/ctx-saver/internal/handlers/execute.go:115.8,118.3 2 0
github.com/ChonlakanSutthimatmongkhol/ctx-saver/internal/handlers/execute.go:119.2,138.44 6 3
github.com/ChonlakanSutthimatmongkhol/ctx-saver/internal/handlers/execute.go:138.44,140.3 1 1
github.com/ChonlakanSutthimatmongkhol/ctx-saver/internal/handlers/execute.go:142.2,149.8 2 2
github.com/ChonlakanSutthimatmongkhol/ctx-saver/internal/handlers/execute.go:153.93,154.35 1 7
github.com/ChonlakanSutthimatmongkhol/ctx-saver/internal/handlers/execute.go:155.16,156.46 1 0
github.com/ChonlakanSutthimatmongkhol/ctx-saver/internal/handlers/execute.go:157.12,159.50 1 0
github.com/ChonlakanSutthimatmongkhol/ctx-saver/internal/handlers/execute.go:160.14,161.43 1 0
github.com/ChonlakanSutthimatmongkhol/ctx-saver/internal/handlers/execute.go:162.10,163.46 1 7
github.com/ChonlakanSutthimatmongkhol/ctx-saver/internal/handlers/execute.go:169.52,171.24 2 3
github.com/ChonlakanSutthimatmongkhol/ctx-saver/internal/handlers/execute.go:171.24,173.3 1 0
github.com/ChonlakanSutthimatmongkhol/ctx-saver/internal/handlers/execute.go:174.2,174.20 1 3
github.com/ChonlakanSutthimatmongkhol/ctx-saver/internal/handlers/execute.go:174.20,176.3 1 0
github.com/ChonlakanSutthimatmongkhol/ctx-saver/internal/handlers/execute.go:177.2,177.47 1 3
github.com/ChonlakanSutthimatmongkhol/ctx-saver/internal/handlers/execute.go:181.32,185.2 3 4
github.com/ChonlakanSutthimatmongkhol/ctx-saver/internal/handlers/get_full.go:33.56,35.2 1 7
github.com/ChonlakanSutthimatmongkhol/ctx-saver/internal/handlers/get_full.go:38.142,39.26 1 7
github.com/ChonlakanSutthimatmongkhol/ctx-saver/internal/handlers/get_full.go:39.26,41.3 1 1
github.com/ChonlakanSutthimatmongkhol/ctx-saver/internal/handlers/get_full.go:43.2,44.16 2 6
github.com/ChonlakanSutthimatmongkhol/ctx-saver/internal/handlers/get_full.go:44.16,46.3 1 1
github.com/ChonlakanSutthimatmongkhol/ctx-saver/internal/handlers/get_full.go:49.2,55.31 5 5
github.com/ChonlakanSutthimatmongkhol/ctx-saver/internal/handlers/get_full.go:55.31,58.16 3 3
github.com/ChonlakanSutthimatmongkhol/ctx-saver/internal/handlers/get_full.go:58.16,60.4 1 0
github.com/ChonlakanSutthimatmongkhol/ctx-saver/internal/handlers/get_full.go:61.3,61.23 1 3
github.com/ChonlakanSutthimatmongkhol/ctx-saver/internal/handlers/get_full.go:61.23,63.4 1 2
github.com/ChonlakanSutthimatmongkhol/ctx-saver/internal/handlers/get_full.go:64.3,64.18 1 3
github.com/ChonlakanSutthimatmongkhol/ctx-saver/internal/handlers/get_full.go:64.18,66.4 1 1
github.com/ChonlakanSutthimatmongkhol/ctx-saver/internal/handlers/get_full.go:67.8,67.38 1 2
github.com/ChonlakanSutthimatmongkhol/ctx-saver/internal/handlers/get_full.go:67.38,69.3 1 1
github.com/ChonlakanSutthimatmongkhol/ctx-saver/internal/handlers/get_full.go:71.2,77.8 2 3
github.com/ChonlakanSutthimatmongkhol/ctx-saver/internal/handlers/list.go:39.70,41.2 1 3
github.com/ChonlakanSutthimatmongkhol/ctx-saver/internal/handlers/list.go:44.133,46.16 2 3
github.com/ChonlakanSutthimatmongkhol/ctx-saver/internal/handlers/list.go:46.16,48.3 1 1
github.com/ChonlakanSutthimatmongkhol/ctx-saver/internal/handlers/list.go:50.2,51.26 2 2
github.com/ChonlakanSutthimatmongkhol/ctx-saver/internal/handlers/list.go:51.26,59.3 1 2
github.com/ChonlakanSutthimatmongkhol/ctx-saver/internal/handlers/list.go:61.2,61.47 1 2
github.com/ChonlakanSutthimatmongkhol/ctx-saver/internal/handlers/outline.go:38.56,40.2 1 0
github.com/ChonlakanSutthimatmongkhol/ctx-saver/internal/handlers/outline.go:43.142,44.26 1 0
github.com/ChonlakanSutthimatmongkhol/ctx-saver/internal/handlers/outline.go:44.26,46.3 1 0
github.com/ChonlakanSutthimatmongkhol/ctx-saver/internal/handlers/outline.go:48.2,49.16 2 0
github.com/ChonlakanSutthimatmongkhol/ctx-saver/internal/handlers/outline.go:49.16,51.3 1 0
github.com/ChonlakanSutthimatmongkhol/ctx-saver/internal/handlers/outline.go:53.2,57.29 4 0
github.com/ChonlakanSutthimatmongkhol/ctx-saver/internal/handlers/outline.go:57.29,59.10 2 0
github.com/ChonlakanSutthimatmongkhol/ctx-saver/internal/handlers/outline.go:60.41,61.79 1 0
github.com/ChonlakanSutthimatmongkhol/ctx-saver/internal/handlers/outline.go:62.40,63.79 1 0
github.com/ChonlakanSutthimatmongkhol/ctx-saver/internal/handlers/outline.go:64.39,65.79 1 0
github.com/ChonlakanSutthimatmongkhol/ctx-saver/internal/handlers/outline.go:66.11,68.88 1 0
github.com/ChonlakanSutthimatmongkhol/ctx-saver/internal/handlers/outline.go:68.88,70.5 1 0
github.com/ChonlakanSutthimatmongkhol/ctx-saver/internal/handlers/outline.go:74.2,78.8 1 0
github.com/ChonlakanSutthimatmongkhol/ctx-saver/internal/handlers/outline.go:82.41,84.38 2 0
github.com/ChonlakanSutthimatmongkhol/ctx-saver/internal/handlers/outline.go:84.38,86.3 1 0
github.com/ChonlakanSutthimatmongkhol/ctx-saver/internal/handlers/outline.go:87.2,87.58 1 0
github.com/ChonlakanSutthimatmongkhol/ctx-saver/internal/handlers/outline.go:87.58,88.42 1 0
github.com/ChonlakanSutthimatmongkhol/ctx-saver/internal/handlers/outline.go:88.42,90.4 1 0
github.com/ChonlakanSutthimatmongkhol/ctx-saver/internal/handlers/outline.go:92.2,92.13 1 0
github.com/ChonlakanSutthimatmongkhol/ctx-saver/internal/handlers/read_file.go:46.127,48.2 1 4
github.com/ChonlakanSutthimatmongkhol/ctx-saver/internal/handlers/read_file.go:51.145,52.22 1 4
github.com/ChonlakanSutthimatmongkhol/ctx-saver/internal/handlers/read_file.go:52.22,54.3 1 1
github.com/ChonlakanSutthimatmongkhol/ctx-saver/internal/handlers/read_file.go:57.2,58.30 2 3
github.com/ChonlakanSutthimatmongkhol/ctx-saver/internal/handlers/read_file.go:58.30,60.3 1 0
github.com/ChonlakanSutthimatmongkhol/ctx-saver/internal/handlers/read_file.go:61.2,67.31 5 3
github.com/ChonlakanSutthimatmongkhol/ctx-saver/internal/handlers/read_file.go:67.31,72.17 4 3
github.com/ChonlakanSutthimatmongkhol/ctx-saver/internal/handlers/read_file.go:72.17,74.4 1 1
github.com/ChonlakanSutthimatmongkhol/ctx-saver/internal/handlers/read_file.go:75.3,75.19 1 2
github.com/ChonlakanSutthimatmongkhol/ctx-saver/internal/handlers/read_file.go:76.8,79.17 2 0
github.com/ChonlakanSutthimatmongkhol/ctx-saver/internal/handlers/read_file.go:79.17,81.4 1 0
github.com/ChonlakanSutthimatmongkhol/ctx-saver/internal/handlers/read_file.go:83.3,86.15 4 0
github.com/ChonlakanSutthimatmongkhol/ctx-saver/internal/handlers/read_file.go:87.17,88.66 1 0
github.com/ChonlakanSutthimatmongkhol/ctx-saver/internal/handlers/read_file.go:89.11,90.66 1 0
github.com/ChonlakanSutthimatmongkhol/ctx-saver/internal/handlers/read_file.go:93.3,100.17 2 0
github.com/ChonlakanSutthimatmongkhol/ctx-saver/internal/handlers/read_file.go:100.17,102.4 1 0
github.com/ChonlakanSutthimatmongkhol/ctx-saver/internal/handlers/read_file.go:103.3,105.29 3 0
github.com/ChonlakanSutthimatmongkhol/ctx-saver/internal/handlers/read_file.go:108.2,109.38 2 2
github.com/ChonlakanSutthimatmongkhol/ctx-saver/internal/handlers/read_file.go:109.38,112.3 1 0
github.com/ChonlakanSutthimatmongkhol/ctx-saver/internal/handlers/read_file.go:114.2,121.33 3 2
github.com/ChonlakanSutthimatmongkhol/ctx-saver/internal/handlers/read_file.go:121.33,123.26 2 1
github.com/ChonlakanSutthimatmongkhol/ctx-saver/internal/handlers/read_file.go:123.26,125.4 1 0
github.com/ChonlakanSutthimatmongkhol/ctx-saver/internal/handlers/read_file.go:126.3,131.9 2 1
github.com/ChonlakanSutthimatmongkhol/ctx-saver/internal/handlers/read_file.go:134.2,139.31 5 1
github.com/ChonlakanSutthimatmongkhol/ctx-saver/internal/handlers/read_file.go:139.31,141.3 1 0
github.com/ChonlakanSutthimatmongkhol/ctx-saver/internal/handlers/read_file.go:143.2,155.44 2 1
github.com/ChonlakanSutthimatmongkhol/ctx-saver/internal/handlers/read_file.go:155.44,157.3 1 0
github.com/ChonlakanSutthimatmongkhol/ctx-saver/internal/handlers/read_file.go:159.2,166.8 2 1
github.com/ChonlakanSutthimatmongkhol/ctx-saver/internal/handlers/search.go:49.74,51.2 1 5
github.com/ChonlakanSutthimatmongkhol/ctx-saver/internal/handlers/search.go:55.139,56.29 1 5
github.com/ChonlakanSutthimatmongkhol/ctx-saver/internal/handlers/search.go:56.29,58.3 1 1
github.com/ChonlakanSutthimatmongkhol/ctx-saver/internal/handlers/search.go:60.2,61.21 2 4
github.com/ChonlakanSutthimatmongkhol/ctx-saver/internal/handlers/search.go:61.21,63.3 1 4
github.com/ChonlakanSutthimatmongkhol/ctx-saver/internal/handlers/search.go:65.2,74.34 4 4
github.com/ChonlakanSutthimatmongkhol/ctx-saver/internal/handlers/search.go:74.34,76.25 2 6
github.com/ChonlakanSutthimatmongkhol/ctx-saver/internal/handlers/search.go:76.25,79.18 3 6
github.com/ChonlakanSutthimatmongkhol/ctx-saver/internal/handlers/search.go:79.18,82.5 2 1
github.com/ChonlakanSutthimatmongkhol/ctx-saver/internal/handlers/search.go:83.4,84.30 2 5
github.com/ChonlakanSutthimatmongkhol/ctx-saver/internal/handlers/search.go:84.30,91.5 1 1
github.com/ChonlakanSutthimatmongkhol/ctx-saver/internal/handlers/search.go:92.4,92.43 1 5
github.com/ChonlakanSutthimatmongkhol/ctx-saver/internal/handlers/search.go:97.2,97.12 1 4
github.com/ChonlakanSutthimatmongkhol/ctx-saver/internal/handlers/search.go:97.12,100.3 2 4
github.com/ChonlakanSutthimatmongkhol/ctx-saver/internal/handlers/search.go:103.2,105.20 3 4
github.com/ChonlakanSutthimatmongkhol/ctx-saver/internal/handlers/search.go:105.20,106.38 1 6
github.com/ChonlakanSutthimatmongkhol/ctx-saver/internal/handlers/search.go:106.38,108.4 1 1
github.com/ChonlakanSutthimatmongkhol/ctx-saver/internal/handlers/search.go:109.3,109.33 1 6
github.com/ChonlakanSutthimatmongkhol/ctx-saver/internal/handlers/search.go:111.2,111.21 1 4
github.com/ChonlakanSutthimatmongkhol/ctx-saver/internal/handlers/search.go:111.21,113.3 1 1
github.com/ChonlakanSutthimatmongkhol/ctx-saver/internal/handlers/search.go:116.2,116.28 1 3
github.com/ChonlakanSutthimatmongkhol/ctx-saver/internal/handlers/search.go:116.28,119.37 2 0
github.com/ChonlakanSutthimatmongkhol/ctx-saver/internal/handlers/search.go:119.37,120.30 1 0
github.com/ChonlakanSutthimatmongkhol/ctx-saver/internal/handlers/search.go:120.30,121.45 1 0
github.com/ChonlakanSutthimatmongkhol/ctx-saver/internal/handlers/search.go:121.45,122.14 1 0
github.com/ChonlakanSutthimatmongkhol/ctx-saver/internal/handlers/search.go:124.5,125.19 2 0
github.com/ChonlakanSutthimatmongkhol/ctx-saver/internal/handlers/search.go:125.19,126.14 1 0
github.com/ChonlakanSutthimatmongkhol/ctx-saver/internal/handlers/search.go:128.5,128.91 1 0
github.com/ChonlakanSutthimatmongkhol/ctx-saver/internal/handlers/search.go:131.3,131.37 1 0
github.com/ChonlakanSutthimatmongkhol/ctx-saver/internal/handlers/search.go:131.37,132.30 1 0
github.com/ChonlakanSutthimatmongkhol/ctx-saver/internal/handlers/search.go:132.30,134.12 2 0
github.com/ChonlakanSutthimatmongkhol/ctx-saver/internal/handlers/search.go:134.12,135.14 1 0
github.com/ChonlakanSutthimatmongkhol/ctx-saver/internal/handlers/search.go:137.5,138.18 2 0
github.com/ChonlakanSutthimatmongkhol/ctx-saver/internal/handlers/search.go:138.18,140.6 1 0
github.com/ChonlakanSutthimatmongkhol/ctx-saver/internal/handlers/search.go:141.5,142.25 2 0
github.com/ChonlakanSutthimatmongkhol/ctx-saver/internal/handlers/search.go:142.25,144.6 1 0
github.com/ChonlakanSutthimatmongkhol/ctx-saver/internal/handlers/search.go:145.5,145.42 1 0
github.com/ChonlakanSutthimatmongkhol/ctx-saver/internal/handlers/search.go:147.4,147.26 1 0
github.com/ChonlakanSutthimatmongkhol/ctx-saver/internal/handlers/search.go:151.2,152.34 2 3
github.com/ChonlakanSutthimatmongkhol/ctx-saver/internal/handlers/search.go:152.34,157.3 1 5
github.com/ChonlakanSutthimatmongkhol/ctx-saver/internal/handlers/search.go:159.2,159.49 1 3
github.com/ChonlakanSutthimatmongkhol/ctx-saver/internal/handlers/stats.go:63.115,65.2 1 4
github.com/ChonlakanSutthimatmongkhol/ctx-saver/internal/handlers/stats.go:68.136,70.17 2 5
github.com/ChonlakanSutthimatmongkhol/ctx-saver/internal/handlers/stats.go:70.17,72.3 1 1
github.com/ChonlakanSutthimatmongkhol/ctx-saver/internal/handlers/stats.go:74.2,75.16 2 5
github.com/ChonlakanSutthimatmongkhol/ctx-saver/internal/handlers/stats.go:75.16,77.3 1 1
github.com/ChonlakanSutthimatmongkhol/ctx-saver/internal/handlers/stats.go:79.2,80.16 2 4
github.com/ChonlakanSutthimatmongkhol/ctx-saver/internal/handlers/stats.go:80.16,82.3 1 0
github.com/ChonlakanSutthimatmongkhol/ctx-saver/internal/handlers/stats.go:84.2,88.24 4 4
github.com/ChonlakanSutthimatmongkhol/ctx-saver/internal/handlers/stats.go:88.24,90.16 2 1
github.com/ChonlakanSutthimatmongkhol/ctx-saver/internal/handlers/stats.go:90.16,92.4 1 0
github.com/ChonlakanSutthimatmongkhol/ctx-saver/internal/handlers/stats.go:93.3,93.65 1 1
github.com/ChonlakanSutthimatmongkhol/ctx-saver/internal/handlers/stats.go:96.2,109.38 2 4
github.com/ChonlakanSutthimatmongkhol/ctx-saver/internal/handlers/stats.go:109.38,113.3 1 1
github.com/ChonlakanSutthimatmongkhol/ctx-saver/internal/handlers/stats.go:114.2,114.41 1 4
github.com/ChonlakanSutthimatmongkhol/ctx-saver/internal/handlers/stats.go:114.41,119.3 1 1
github.com/ChonlakanSutthimatmongkhol/ctx-saver/internal/handlers/stats.go:120.2,120.22 1 4
github.com/ChonlakanSutthimatmongkhol/ctx-saver/internal/handlers/stats.go:125.75,126.15 1 5
github.com/ChonlakanSutthimatmongkhol/ctx-saver/internal/handlers/stats.go:127.17,128.26 1 2
github.com/ChonlakanSutthimatmongkhol/ctx-saver/internal/handlers/stats.go:129.15,131.88 2 0
github.com/ChonlakanSutthimatmongkhol/ctx-saver/internal/handlers/stats.go:132.12,133.43 1 0
github.com/ChonlakanSutthimatmongkhol/ctx-saver/internal/handlers/stats.go:134.13,135.26 1 2
github.com/ChonlakanSutthimatmongkhol/ctx-saver/internal/handlers/stats.go:136.10,137.100 1 1
github.com/ChonlakanSutthimatmongkhol/ctx-saver/internal/store/migrations.go:12.38,16.18 1 14
github.com/ChonlakanSutthimatmongkhol/ctx-saver/internal/store/migrations.go:16.18,18.3 1 0
github.com/ChonlakanSutthimatmongkhol/ctx-saver/internal/store/migrations.go:20.2,22.16 3 14
github.com/ChonlakanSutthimatmongkhol/ctx-saver/internal/store/migrations.go:22.16,24.3 1 0
github.com/ChonlakanSutthimatmongkhol/ctx-saver/internal/store/migrations.go:26.2,26.55 1 14
github.com/ChonlakanSutthimatmongkhol/ctx-saver/internal/store/migrations.go:26.55,27.47 1 28
github.com/ChonlakanSutthimatmongkhol/ctx-saver/internal/store/migrations.go:27.47,29.4 1 0
github.com/ChonlakanSutthimatmongkhol/ctx-saver/internal/store/migrations.go:31.2,31.12 1 14
github.com/ChonlakanSutthimatmongkhol/ctx-saver/internal/store/migrations.go:34.52,36.16 2 28
github.com/ChonlakanSutthimatmongkhol/ctx-saver/internal/store/migrations.go:36.16,38.3 1 0
github.com/ChonlakanSutthimatmongkhol/ctx-saver/internal/store/migrations.go:39.2,41.17 2 28
github.com/ChonlakanSutthimatmongkhol/ctx-saver/internal/store/migrations.go:42.9,43.40 1 14
github.com/ChonlakanSutthimatmongkhol/ctx-saver/internal/store/migrations.go:43.40,45.4 1 0
github.com/ChonlakanSutthimatmongkhol/ctx-saver/internal/store/migrations.go:46.9,47.40 1 14
github.com/ChonlakanSutthimatmongkhol/ctx-saver/internal/store/migrations.go:47.40,49.4 1 0
github.com/ChonlakanSutthimatmongkhol/ctx-saver/internal/store/migrations.go:50.10,51.61 1 0
github.com/ChonlakanSutthimatmongkhol/ctx-saver/internal/store/migrations.go:54.2,54.94 1 28
github.com/ChonlakanSutthimatmongkhol/ctx-saver/internal/store/migrations.go:54.94,56.3 1 0
github.com/ChonlakanSutthimatmongkhol/ctx-saver/internal/store/migrations.go:57.2,57.20 1 28
github.com/ChonlakanSutthimatmongkhol/ctx-saver/internal/store/migrations.go:61.35,89.29 2 14
github.com/ChonlakanSutthimatmongkhol/ctx-saver/internal/store/migrations.go:89.29,90.42 1 56
github.com/ChonlakanSutthimatmongkhol/ctx-saver/internal/store/migrations.go:90.42,92.4 1 0
github.com/ChonlakanSutthimatmongkhol/ctx-saver/internal/store/migrations.go:94.2,94.12 1 14
github.com/ChonlakanSutthimatmongkhol/ctx-saver/internal/store/migrations.go:97.24,98.11 1 0
github.com/ChonlakanSutthimatmongkhol/ctx-saver/internal/store/migrations.go:98.11,100.3 1 0
github.com/ChonlakanSutthimatmongkhol/ctx-saver/internal/store/migrations.go:101.2,101.10 1 0
github.com/ChonlakanSutthimatmongkhol/ctx-saver/internal/store/migrations.go:105.35,121.29 2 14
github.com/ChonlakanSutthimatmongkhol/ctx-saver/internal/store/migrations.go:121.29,122.42 1 42
github.com/ChonlakanSutthimatmongkhol/ctx-saver/internal/store/migrations.go:122.42,124.4 1 0
github.com/ChonlakanSutthimatmongkhol/ctx-saver/internal/store/migrations.go:126.2,126.12 1 14
github.com/ChonlakanSutthimatmongkhol/ctx-saver/internal/store/sqlite.go:24.72,25.51 1 14
github.com/ChonlakanSutthimatmongkhol/ctx-saver/internal/store/sqlite.go:25.51,27.3 1 0
github.com/ChonlakanSutthimatmongkhol/ctx-saver/internal/store/sqlite.go:29.2,33.16 3 14
github.com/ChonlakanSutthimatmongkhol/ctx-saver/internal/store/sqlite.go:33.16,35.3 1 0
github.com/ChonlakanSutthimatmongkhol/ctx-saver/internal/store/sqlite.go:38.2,40.42 2 14
github.com/ChonlakanSutthimatmongkhol/ctx-saver/internal/store/sqlite.go:40.42,43.3 2 0
github.com/ChonlakanSutthimatmongkhol/ctx-saver/internal/store/sqlite.go:46.2,46.47 1 14
github.com/ChonlakanSutthimatmongkhol/ctx-saver/internal/store/sqlite.go:46.47,49.3 2 0
github.com/ChonlakanSutthimatmongkhol/ctx-saver/internal/store/sqlite.go:51.2,51.34 1 14
github.com/ChonlakanSutthimatmongkhol/ctx-saver/internal/store/sqlite.go:58.49,61.44 1 14
github.com/ChonlakanSutthimatmongkhol/ctx-saver/internal/store/sqlite.go:61.44,63.3 1 0
github.com/ChonlakanSutthimatmongkhol/ctx-saver/internal/store/sqlite.go:64.2,66.37 3 14
github.com/ChonlakanSutthimatmongkhol/ctx-saver/internal/store/sqlite.go:70.71,72.16 2 31
github.com/ChonlakanSutthimatmongkhol/ctx-saver/internal/store/sqlite.go:72.16,74.3 1 0
github.com/ChonlakanSutthimatmongkhol/ctx-saver/internal/store/sqlite.go:75.2,93.16 3 31
github.com/ChonlakanSutthimatmongkhol/ctx-saver/internal/store/sqlite.go:93.16,95.3 1 0
github.com/ChonlakanSutthimatmongkhol/ctx-saver/internal/store/sqlite.go:98.2,100.16 2 31
github.com/ChonlakanSutthimatmongkhol/ctx-saver/internal/store/sqlite.go:100.16,102.3 1 0
github.com/ChonlakanSutthimatmongkhol/ctx-saver/internal/store/sqlite.go:103.2,105.62 2 31
github.com/ChonlakanSutthimatmongkhol/ctx-saver/internal/store/sqlite.go:105.62,106.36 1 155
github.com/ChonlakanSutthimatmongkhol/ctx-saver/internal/store/sqlite.go:106.36,107.12 1 0
github.com/ChonlakanSutthimatmongkhol/ctx-saver/internal/store/sqlite.go:109.3,109.78 1 155
github.com/ChonlakanSutthimatmongkhol/ctx-saver/internal/store/sqlite.go:109.78,111.4 1 0
github.com/ChonlakanSutthimatmongkhol/ctx-saver/internal/store/sqlite.go:114.2,114.20 1 31
github.com/ChonlakanSutthimatmongkhol/ctx-saver/internal/store/sqlite.go:118.76,131.26 5 4
github.com/ChonlakanSutthimatmongkhol/ctx-saver/internal/store/sqlite.go:131.26,133.3 1 2
github.com/ChonlakanSutthimatmongkhol/ctx-saver/internal/store/sqlite.go:134.2,134.16 1 2
github.com/ChonlakanSutthimatmongkhol/ctx-saver/internal/store/sqlite.go:134.16,136.3 1 0
github.com/ChonlakanSutthimatmongkhol/ctx-saver/internal/store/sqlite.go:137.2,138.16 2 2
github.com/ChonlakanSutthimatmongkhol/ctx-saver/internal/store/sqlite.go:142.103,143.16 1 2
github.com/ChonlakanSutthimatmongkhol/ctx-saver/internal/store/sqlite.go:143.16,145.3 1 0
github.com/ChonlakanSutthimatmongkhol/ctx-saver/internal/store/sqlite.go:146.2,152.16 2 2
github.com/ChonlakanSutthimatmongkhol/ctx-saver/internal/store/sqlite.go:152.16,154.3 1 0
github.com/ChonlakanSutthimatmongkhol/ctx-saver/internal/store/sqlite.go:155.2,158.18 3 2
github.com/ChonlakanSutthimatmongkhol/ctx-saver/internal/store/sqlite.go:158.18,161.100 3 8
github.com/ChonlakanSutthimatmongkhol/ctx-saver/internal/store/sqlite.go:161.100,163.4 1 0
github.com/ChonlakanSutthimatmongkhol/ctx-saver/internal/store/sqlite.go:164.3,165.28 2 8
github.com/ChonlakanSutthimatmongkhol/ctx-saver/internal/store/sqlite.go:167.2,167.26 1 2
github.com/ChonlakanSutthimatmongkhol/ctx-saver/internal/store/sqlite.go:172.109,173.21 1 3
github.com/ChonlakanSutthimatmongkhol/ctx-saver/internal/store/sqlite.go:173.21,175.3 1 0
github.com/ChonlakanSutthimatmongkhol/ctx-saver/internal/store/sqlite.go:178.2,179.20 2 3
github.com/ChonlakanSutthimatmongkhol/ctx-saver/internal/store/sqlite.go:179.20,181.3 1 1
github.com/ChonlakanSutthimatmongkhol/ctx-saver/internal/store/sqlite.go:183.2,191.16 2 3
github.com/ChonlakanSutthimatmongkhol/ctx-saver/internal/store/sqlite.go:191.16,193.3 1 0
github.com/ChonlakanSutthimatmongkhol/ctx-saver/internal/store/sqlite.go:194.2,197.18 3 3
github.com/ChonlakanSutthimatmongkhol/ctx-saver/internal/store/sqlite.go:197.18,200.76 3 3
github.com/ChonlakanSutthimatmongkhol/ctx-saver/internal/store/sqlite.go:200.76,202.4 1 0
github.com/ChonlakanSutthimatmongkhol/ctx-saver/internal/store/sqlite.go:203.3,204.47 2 3
github.com/ChonlakanSutthimatmongkhol/ctx-saver/internal/store/sqlite.go:204.47,205.12 1 1
github.com/ChonlakanSutthimatmongkhol/ctx-saver/internal/store/sqlite.go:207.3,208.33 2 2
github.com/ChonlakanSutthimatmongkhol/ctx-saver/internal/store/sqlite.go:208.33,209.9 1 0
github.com/ChonlakanSutthimatmongkhol/ctx-saver/internal/store/sqlite.go:212.2,212.28 1 3
github.com/ChonlakanSutthimatmongkhol/ctx-saver/internal/store/sqlite.go:216.97,223.16 3 1
github.com/ChonlakanSutthimatmongkhol/ctx-saver/internal/store/sqlite.go:223.16,225.3 1 0
github.com/ChonlakanSutthimatmongkhol/ctx-saver/internal/store/sqlite.go:226.2,227.18 2 1
github.com/ChonlakanSutthimatmongkhol/ctx-saver/internal/store/sqlite.go:227.18,229.40 2 1
github.com/ChonlakanSutthimatmongkhol/ctx-saver/internal/store/sqlite.go:229.40,232.4 2 0
github.com/ChonlakanSutthimatmongkhol/ctx-saver/internal/store/sqlite.go:233.3,233.24 1 1
github.com/ChonlakanSutthimatmongkhol/ctx-saver/internal/store/sqlite.go:235.2,236.35 2 1
github.com/ChonlakanSutthimatmongkhol/ctx-saver/internal/store/sqlite.go:236.35,238.3 1 0
github.com/ChonlakanSutthimatmongkhol/ctx-saver/internal/store/sqlite.go:240.2,240.19 1 1
github.com/ChonlakanSutthimatmongkhol/ctx-saver/internal/store/sqlite.go:240.19,242.3 1 0
github.com/ChonlakanSutthimatmongkhol/ctx-saver/internal/store/sqlite.go:244.2,245.16 2 1
github.com/ChonlakanSutthimatmongkhol/ctx-saver/internal/store/sqlite.go:245.16,247.3 1 0
github.com/ChonlakanSutthimatmongkhol/ctx-saver/internal/store/sqlite.go:248.2,250.25 2 1
github.com/ChonlakanSutthimatmongkhol/ctx-saver/internal/store/sqlite.go:250.25,251.95 1 1
github.com/ChonlakanSutthimatmongkhol/ctx-saver/internal/store/sqlite.go:251.95,253.4 1 0
github.com/ChonlakanSutthimatmongkhol/ctx-saver/internal/store/sqlite.go:254.3,254.99 1 1
github.com/ChonlakanSutthimatmongkhol/ctx-saver/internal/store/sqlite.go:254.99,256.4 1 0
github.com/ChonlakanSutthimatmongkhol/ctx-saver/internal/store/sqlite.go:258.2,258.20 1 1
github.com/ChonlakanSutthimatmongkhol/ctx-saver/internal/store/sqlite.go:262.88,277.16 2 4
github.com/ChonlakanSutthimatmongkhol/ctx-saver/internal/store/sqlite.go:277.16,279.3 1 0
github.com/ChonlakanSutthimatmongkhol/ctx-saver/internal/store/sqlite.go:280.2,280.12 1 4
github.com/ChonlakanSutthimatmongkhol/ctx-saver/internal/store/sqlite.go:284.116,285.16 1 0
github.com/ChonlakanSutthimatmongkhol/ctx-saver/internal/store/sqlite.go:285.16,287.3 1 0
github.com/ChonlakanSutthimatmongkhol/ctx-saver/internal/store/sqlite.go:288.2,295.16 2 0
github.com/ChonlakanSutthimatmongkhol/ctx-saver/internal/store/sqlite.go:295.16,297.3 1 0
github.com/ChonlakanSutthimatmongkhol/ctx-saver/internal/store/sqlite.go:298.2,299.32 2 0
github.com/ChonlakanSutthimatmongkhol/ctx-saver/internal/store/sqlite.go:304.125,305.16 1 0
github.com/ChonlakanSutthimatmongkhol/ctx-saver/internal/store/sqlite.go:305.16,307.3 1 0
github.com/ChonlakanSutthimatmongkhol/ctx-saver/internal/store/sqlite.go:308.2,315.16 2 0
github.com/ChonlakanSutthimatmongkhol/ctx-saver/internal/store/sqlite.go:315.16,317.3 1 0
github.com/ChonlakanSutthimatmongkhol/ctx-saver/internal/store/sqlite.go:318.2,320.16 3 0
github.com/ChonlakanSutthimatmongkhol/ctx-saver/internal/store/sqlite.go:320.16,322.3 1 0
github.com/ChonlakanSutthimatmongkhol/ctx-saver/internal/store/sqlite.go:324.2,324.55 1 0
github.com/ChonlakanSutthimatmongkhol/ctx-saver/internal/store/sqlite.go:324.55,326.3 1 0
github.com/ChonlakanSutthimatmongkhol/ctx-saver/internal/store/sqlite.go:327.2,327.20 1 0
github.com/ChonlakanSutthimatmongkhol/ctx-saver/internal/store/sqlite.go:330.65,332.18 2 0
github.com/ChonlakanSutthimatmongkhol/ctx-saver/internal/store/sqlite.go:332.18,338.17 3 0
github.com/ChonlakanSutthimatmongkhol/ctx-saver/internal/store/sqlite.go:338.17,340.4 1 0
github.com/ChonlakanSutthimatmongkhol/ctx-saver/internal/store/sqlite.go:341.3,342.30 2 0
github.com/ChonlakanSutthimatmongkhol/ctx-saver/internal/store/sqlite.go:344.2,344.27 1 0
github.com/ChonlakanSutthimatmongkhol/ctx-saver/internal/store/sqlite.go:350.106,352.21 2 5
github.com/ChonlakanSutthimatmongkhol/ctx-saver/internal/store/sqlite.go:352.21,354.3 1 1
github.com/ChonlakanSutthimatmongkhol/ctx-saver/internal/store/sqlite.go:356.2,368.115 3 5
github.com/ChonlakanSutthimatmongkhol/ctx-saver/internal/store/sqlite.go:368.115,370.3 1 0
github.com/ChonlakanSutthimatmongkhol/ctx-saver/internal/store/sqlite.go:373.2,381.16 2 5
github.com/ChonlakanSutthimatmongkhol/ctx-saver/internal/store/sqlite.go:381.16,383.3 1 0
github.com/ChonlakanSutthimatmongkhol/ctx-saver/internal/store/sqlite.go:384.2,385.18 2 5
github.com/ChonlakanSutthimatmongkhol/ctx-saver/internal/store/sqlite.go:385.18,387.72 2 5
github.com/ChonlakanSutthimatmongkhol/ctx-saver/internal/store/sqlite.go:387.72,389.4 1 0
github.com/ChonlakanSutthimatmongkhol/ctx-saver/internal/store/sqlite.go:390.3,390.51 1 5
github.com/ChonlakanSutthimatmongkhol/ctx-saver/internal/store/sqlite.go:392.2,392.35 1 5
github.com/ChonlakanSutthimatmongkhol/ctx-saver/internal/store/sqlite.go:392.35,394.3 1 0
github.com/ChonlakanSutthimatmongkhol/ctx-saver/internal/store/sqlite.go:397.2,404.16 2 5
github.com/ChonlakanSutthimatmongkhol/ctx-saver/internal/store/sqlite.go:404.16,406.3 1 0
github.com/ChonlakanSutthimatmongkhol/ctx-saver/internal/store/sqlite.go:407.2,408.19 2 5
github.com/ChonlakanSutthimatmongkhol/ctx-saver/internal/store/sqlite.go:408.19,410.89 2 5
github.com/ChonlakanSutthimatmongkhol/ctx-saver/internal/store/sqlite.go:410.89,412.4 1 0
github.com/ChonlakanSutthimatmongkhol/ctx-saver/internal/store/sqlite.go:413.3,413.57 1 5
github.com/ChonlakanSutthimatmongkhol/ctx-saver/internal/store/sqlite.go:415.2,415.36 1 5
github.com/ChonlakanSutthimatmongkhol/ctx-saver/internal/store/sqlite.go:415.36,417.3 1 0
github.com/ChonlakanSutthimatmongkhol/ctx-saver/internal/store/sqlite.go:420.2,424.57 2 5
github.com/ChonlakanSutthimatmongkhol/ctx-saver/internal/store/sqlite.go:424.57,426.3 1 0
github.com/ChonlakanSutthimatmongkhol/ctx-saver/internal/store/sqlite.go:428.2,432.59 2 5
github.com/ChonlakanSutthimatmongkhol/ctx-saver/internal/store/sqlite.go:432.59,434.3 1 0
github.com/ChonlakanSutthimatmongkhol/ctx-saver/internal/store/sqlite.go:436.2,440.58 2 5
github.com/ChonlakanSutthimatmongkhol/ctx-saver/internal/store/sqlite.go:440.58,442.3 1 0
github.com/ChonlakanSutthimatmongkhol/ctx-saver/internal/store/sqlite.go:444.2,444.19 1 5
github.com/ChonlakanSutthimatmongkhol/ctx-saver/internal/store/sqlite.go:448.37,450.2 1 14
github.com/ChonlakanSutthimatmongkhol/ctx-saver/internal/sandbox/srt.go:13.36,17.2 1 0
github.com/ChonlakanSutthimatmongkhol/ctx-saver/internal/sandbox/srt.go:20.83,22.2 1 0
github.com/ChonlakanSutthimatmongkhol/ctx-saver/internal/sandbox/subprocess.go:19.62,21.2 1 10
github.com/ChonlakanSutthimatmongkhol/ctx-saver/internal/sandbox/subprocess.go:25.94,28.37 1 10
github.com/ChonlakanSutthimatmongkhol/ctx-saver/internal/sandbox/subprocess.go:28.37,29.54 1 10
github.com/ChonlakanSutthimatmongkhol/ctx-saver/internal/sandbox/subprocess.go:29.54,31.4 1 2
github.com/ChonlakanSutthimatmongkhol/ctx-saver/internal/sandbox/subprocess.go:32.8,34.49 2 0
github.com/ChonlakanSutthimatmongkhol/ctx-saver/internal/sandbox/subprocess.go:34.49,36.4 1 0
github.com/ChonlakanSutthimatmongkhol/ctx-saver/internal/sandbox/subprocess.go:39.2,40.18 2 8
github.com/ChonlakanSutthimatmongkhol/ctx-saver/internal/sandbox/subprocess.go:40.18,42.3 1 0
github.com/ChonlakanSutthimatmongkhol/ctx-saver/internal/sandbox/subprocess.go:43.2,47.23 4 8
github.com/ChonlakanSutthimatmongkhol/ctx-saver/internal/sandbox/subprocess.go:47.23,49.3 1 1
github.com/ChonlakanSutthimatmongkhol/ctx-saver/internal/sandbox/subprocess.go:50.2,50.22 1 8
github.com/ChonlakanSutthimatmongkhol/ctx-saver/internal/sandbox/subprocess.go:50.22,52.3 1 1
github.com/ChonlakanSutthimatmongkhol/ctx-saver/internal/sandbox/subprocess.go:54.2,63.19 8 8
github.com/ChonlakanSutthimatmongkhol/ctx-saver/internal/sandbox/subprocess.go:63.19,66.44 1 2
github.com/ChonlakanSutthimatmongkhol/ctx-saver/internal/sandbox/subprocess.go:66.44,68.4 1 1
github.com/ChonlakanSutthimatmongkhol/ctx-saver/internal/sandbox/subprocess.go:69.3,69.50 1 1
github.com/ChonlakanSutthimatmongkhol/ctx-saver/internal/sandbox/subprocess.go:69.50,72.4 1 1
github.com/ChonlakanSutthimatmongkhol/ctx-saver/internal/sandbox/subprocess.go:72.9,74.4 1 0
github.com/ChonlakanSutthimatmongkhol/ctx-saver/internal/sandbox/subprocess.go:77.2,81.37 2 7
github.com/ChonlakanSutthimatmongkhol/ctx-saver/internal/sandbox/subprocess.go:81.37,83.3 1 0
github.com/ChonlakanSutthimatmongkhol/ctx-saver/internal/sandbox/subprocess.go:85.2,89.8 1 7
github.com/ChonlakanSutthimatmongkhol/ctx-saver/internal/sandbox/subprocess.go:93.51,96.2 1 10
github.com/ChonlakanSutthimatmongkhol/ctx-saver/internal/sandbox/subprocess.go:100.65,101.52 1 10
github.com/ChonlakanSutthimatmongkhol/ctx-saver/internal/sandbox/subprocess.go:101.52,103.49 2 10
github.com/ChonlakanSutthimatmongkhol/ctx-saver/internal/sandbox/subprocess.go:103.49,104.12 1 0
github.com/ChonlakanSutthimatmongkhol/ctx-saver/internal/sandbox/subprocess.go:106.3,106.42 1 10
github.com/ChonlakanSutthimatmongkhol/ctx-saver/internal/sandbox/subprocess.go:106.42,107.41 1 4
github.com/ChonlakanSutthimatmongkhol/ctx-saver/internal/sandbox/subprocess.go:107.41,109.5 1 2
github.com/ChonlakanSutthimatmongkhol/ctx-saver/internal/sandbox/subprocess.go:112.2,112.12 1 8
github.com/ChonlakanSutthimatmongkhol/ctx-saver/internal/sandbox/subprocess.go:117.51,120.19 3 4
github.com/ChonlakanSutthimatmongkhol/ctx-saver/internal/sandbox/subprocess.go:120.19,122.3 1 0
github.com/ChonlakanSutthimatmongkhol/ctx-saver/internal/sandbox/subprocess.go:123.2,123.37 1 4
github.com/ChonlakanSutthimatmongkhol/ctx-saver/internal/sandbox/subprocess.go:123.37,126.3 2 2
github.com/ChonlakanSutthimatmongkhol/ctx-saver/internal/sandbox/subprocess.go:128.2,128.62 1 2
