mode: atomic
github.com/ChonlakanSutthimatmongkhol/ctx-saver/internal/config/config.go:14.54,15.42 1 0
github.com/ChonlakanSutthimatmongkhol/ctx-saver/internal/config/config.go:15.42,17.3 1 0
github.com/ChonlakanSutthimatmongkhol/ctx-saver/internal/config/config.go:18.2,18.28 1 0
github.com/ChonlakanSutthimatmongkhol/ctx-saver/internal/config/config.go:18.28,20.3 1 0
github.com/ChonlakanSutthimatmongkhol/ctx-saver/internal/config/config.go:71.24,101.2 1 4
github.com/ChonlakanSutthimatmongkhol/ctx-saver/internal/config/config.go:105.30,109.16 3 3
github.com/ChonlakanSutthimatmongkhol/ctx-saver/internal/config/config.go:109.16,112.3 1 0
github.com/ChonlakanSutthimatmongkhol/ctx-saver/internal/config/config.go:114.2,115.51 2 3
github.com/ChonlakanSutthimatmongkhol/ctx-saver/internal/config/config.go:115.51,117.3 1 0
github.com/ChonlakanSutthimatmongkhol/ctx-saver/internal/config/config.go:119.2,119.58 1 3
github.com/ChonlakanSutthimatmongkhol/ctx-saver/internal/config/config.go:119.58,121.3 1 0
github.com/ChonlakanSutthimatmongkhol/ctx-saver/internal/config/config.go:124.2,127.38 3 3
github.com/ChonlakanSutthimatmongkhol/ctx-saver/internal/config/config.go:127.38,129.3 1 1
github.com/ChonlakanSutthimatmongkhol/ctx-saver/internal/config/config.go:130.2,130.17 1 2
github.com/ChonlakanSutthimatmongkhol/ctx-saver/internal/config/config.go:134.48,136.24 2 6
github.com/ChonlakanSutthimatmongkhol/ctx-saver/internal/config/config.go:136.24,138.3 1 4
github.com/ChonlakanSutthimatmongkhol/ctx-saver/internal/config/config.go:139.2,139.16 1 2
github.com/ChonlakanSutthimatmongkhol/ctx-saver/internal/config/config.go:139.16,141.3 1 0
github.com/ChonlakanSutthimatmongkhol/ctx-saver/internal/config/config.go:142.2,142.34 1 2
github.com/ChonlakanSutthimatmongkhol/ctx-saver/internal/config/config.go:146.37,147.40 1 6
github.com/ChonlakanSutthimatmongkhol/ctx-saver/internal/config/config.go:147.40,149.17 2 0
github.com/ChonlakanSutthimatmongkhol/ctx-saver/internal/config/config.go:149.17,151.4 1 0
github.com/ChonlakanSutthimatmongkhol/ctx-saver/internal/config/config.go:153.2,153.13 1 6
github.com/ChonlakanSutthimatmongkhol/ctx-saver/internal/config/config.go:157.34,158.37 1 3
github.com/ChonlakanSutthimatmongkhol/ctx-saver/internal/config/config.go:158.37,160.3 1 1
github.com/ChonlakanSutthimatmongkhol/ctx-saver/internal/config/config.go:161.2,161.36 1 2
github.com/ChonlakanSutthimatmongkhol/ctx-saver/internal/config/config.go:161.36,163.3 1 0
github.com/ChonlakanSutthimatmongkhol/ctx-saver/internal/config/config.go:164.2,164.38 1 2
github.com/ChonlakanSutthimatmongkhol/ctx-saver/internal/config/config.go:164.38,166.3 1 0
github.com/ChonlakanSutthimatmongkhol/ctx-saver/internal/config/config.go:167.2,167.32 1 2
github.com/ChonlakanSutthimatmongkhol/ctx-saver/internal/config/config.go:167.32,169.3 1 0
github.com/ChonlakanSutthimatmongkhol/ctx-saver/internal/config/config.go:170.2,170.31 1 2
github.com/ChonlakanSutthimatmongkhol/ctx-saver/internal/config/config.go:170.31,172.3 1 0
github.com/ChonlakanSutthimatmongkhol/ctx-saver/internal/config/config.go:173.2,173.46 1 2
github.com/ChonlakanSutthimatmongkhol/ctx-saver/internal/config/config.go:173.46,175.3 1 0
github.com/ChonlakanSutthimatmongkhol/ctx-saver/internal/config/config.go:176.2,176.39 1 2
github.com/ChonlakanSutthimatmongkhol/ctx-saver/internal/config/config.go:176.39,178.3 1 0
github.com/ChonlakanSutthimatmongkhol/ctx-saver/internal/config/config.go:179.2,179.12 1 2
github.com/ChonlakanSutthimatmongkhol/ctx-saver/internal/hooks/helpers.go:12.44,13.15 1 5
github.com/ChonlakanSutthimatmongkhol/ctx-saver/internal/hooks/helpers.go:13.15,15.17 2 1
github.com/ChonlakanSutthimatmongkhol/ctx-saver/internal/hooks/helpers.go:15.17,17.4 1 1
github.com/ChonlakanSutthimatmongkhol/ctx-saver/internal/hooks/helpers.go:18.3,18.19 1 0
github.com/ChonlakanSutthimatmongkhol/ctx-saver/internal/hooks/helpers.go:20.2,20.28 1 4
github.com/ChonlakanSutthimatmongkhol/ctx-saver/internal/hooks/helpers.go:25.48,26.21 1 5
github.com/ChonlakanSutthimatmongkhol/ctx-saver/internal/hooks/helpers.go:26.21,28.3 1 4
github.com/ChonlakanSutthimatmongkhol/ctx-saver/internal/hooks/helpers.go:29.2,31.16 3 1
github.com/ChonlakanSutthimatmongkhol/ctx-saver/internal/hooks/helpers.go:31.16,33.3 1 0
github.com/ChonlakanSutthimatmongkhol/ctx-saver/internal/hooks/helpers.go:34.2,34.30 1 1
github.com/ChonlakanSutthimatmongkhol/ctx-saver/internal/hooks/posttooluse.go:19.69,21.16 2 2
github.com/ChonlakanSutthimatmongkhol/ctx-saver/internal/hooks/posttooluse.go:21.16,25.3 2 0
github.com/ChonlakanSutthimatmongkhol/ctx-saver/internal/hooks/posttooluse.go:27.2,47.15 8 2
github.com/ChonlakanSutthimatmongkhol/ctx-saver/internal/hooks/posttooluse.go:47.15,48.57 1 1
github.com/ChonlakanSutthimatmongkhol/ctx-saver/internal/hooks/posttooluse.go:48.57,50.4 1 0
github.com/ChonlakanSutthimatmongkhol/ctx-saver/internal/hooks/posttooluse.go:53.2,54.12 2 2
github.com/ChonlakanSutthimatmongkhol/ctx-saver/internal/hooks/posttooluse.go:59.38,60.14 1 3
github.com/ChonlakanSutthimatmongkhol/ctx-saver/internal/hooks/posttooluse.go:60.14,62.3 1 1
github.com/ChonlakanSutthimatmongkhol/ctx-saver/internal/hooks/posttooluse.go:63.2,63.23 1 2
github.com/ChonlakanSutthimatmongkhol/ctx-saver/internal/hooks/posttooluse.go:64.14,65.11 1 1
github.com/ChonlakanSutthimatmongkhol/ctx-saver/internal/hooks/posttooluse.go:66.13,68.26 2 1
github.com/ChonlakanSutthimatmongkhol/ctx-saver/internal/hooks/posttooluse.go:68.26,69.42 1 2
github.com/ChonlakanSutthimatmongkhol/ctx-saver/internal/hooks/posttooluse.go:69.42,70.43 1 2
github.com/ChonlakanSutthimatmongkhol/ctx-saver/internal/hooks/posttooluse.go:70.43,72.6 1 2
github.com/ChonlakanSutthimatmongkhol/ctx-saver/internal/hooks/posttooluse.go:75.3,75.35 1 1
github.com/ChonlakanSutthimatmongkhol/ctx-saver/internal/hooks/posttooluse.go:77.2,77.29 1 0
github.com/ChonlakanSutthimatmongkhol/ctx-saver/internal/hooks/posttooluse.go:81.80,83.15 2 2
github.com/ChonlakanSutthimatmongkhol/ctx-saver/internal/hooks/posttooluse.go:83.15,85.3 1 0
github.com/ChonlakanSutthimatmongkhol/ctx-saver/internal/hooks/posttooluse.go:86.2,89.81 3 2
github.com/ChonlakanSutthimatmongkhol/ctx-saver/internal/hooks/posttooluse.go:89.81,91.3 1 2
github.com/ChonlakanSutthimatmongkhol/ctx-saver/internal/hooks/posttooluse.go:93.2,93.25 1 2
github.com/ChonlakanSutthimatmongkhol/ctx-saver/internal/hooks/posttooluse.go:93.25,95.3 1 1
github.com/ChonlakanSutthimatmongkhol/ctx-saver/internal/hooks/posttooluse.go:96.2,96.46 1 1
github.com/ChonlakanSutthimatmongkhol/ctx-saver/internal/hooks/posttooluse.go:100.32,101.14 1 2
github.com/ChonlakanSutthimatmongkhol/ctx-saver/internal/hooks/posttooluse.go:101.14,103.3 1 0
github.com/ChonlakanSutthimatmongkhol/ctx-saver/internal/hooks/posttooluse.go:104.2,105.16 2 2
github.com/ChonlakanSutthimatmongkhol/ctx-saver/internal/hooks/posttooluse.go:105.16,107.3 1 0
github.com/ChonlakanSutthimatmongkhol/ctx-saver/internal/hooks/posttooluse.go:108.2,108.18 1 2
github.com/ChonlakanSutthimatmongkhol/ctx-saver/internal/hooks/posttooluse.go:114.41,115.19 1 9
github.com/ChonlakanSutthimatmongkhol/ctx-saver/internal/hooks/posttooluse.go:115.19,117.3 1 8
github.com/ChonlakanSutthimatmongkhol/ctx-saver/internal/hooks/posttooluse.go:119.2,119.41 1 1
github.com/ChonlakanSutthimatmongkhol/ctx-saver/internal/hooks/posttooluse.go:119.41,121.3 1 1
github.com/ChonlakanSutthimatmongkhol/ctx-saver/internal/hooks/posttooluse.go:122.2,122.24 1 1
github.com/ChonlakanSutthimatmongkhol/ctx-saver/internal/hooks/pretooluse.go:17.67,19.16 2 3
github.com/ChonlakanSutthimatmongkhol/ctx-saver/internal/hooks/pretooluse.go:19.16,21.3 1 1
github.com/ChonlakanSutthimatmongkhol/ctx-saver/internal/hooks/pretooluse.go:23.2,26.20 3 2
github.com/ChonlakanSutthimatmongkhol/ctx-saver/internal/hooks/pretooluse.go:26.20,28.3 1 1
github.com/ChonlakanSutthimatmongkhol/ctx-saver/internal/hooks/pretooluse.go:30.2,35.4 1 1
github.com/ChonlakanSutthimatmongkhol/ctx-saver/internal/hooks/pretooluse.go:40.46,41.58 1 4
github.com/ChonlakanSutthimatmongkhol/ctx-saver/internal/hooks/pretooluse.go:41.58,42.30 1 4
github.com/ChonlakanSutthimatmongkhol/ctx-saver/internal/hooks/pretooluse.go:42.30,43.31 1 4
github.com/ChonlakanSutthimatmongkhol/ctx-saver/internal/hooks/pretooluse.go:43.31,45.5 1 4
github.com/ChonlakanSutthimatmongkhol/ctx-saver/internal/hooks/pretooluse.go:49.2,49.11 1 0
github.com/ChonlakanSutthimatmongkhol/ctx-saver/internal/hooks/pretooluse.go:53.60,59.2 1 2
github.com/ChonlakanSutthimatmongkhol/ctx-saver/internal/hooks/pretooluse.go:62.48,64.58 2 8
github.com/ChonlakanSutthimatmongkhol/ctx-saver/internal/hooks/pretooluse.go:64.58,66.3 1 1
github.com/ChonlakanSutthimatmongkhol/ctx-saver/internal/hooks/pretooluse.go:67.2,67.19 1 7
github.com/ChonlakanSutthimatmongkhol/ctx-saver/internal/hooks/pretooluse.go:71.42,75.2 3 6
github.com/ChonlakanSutthimatmongkhol/ctx-saver/internal/hooks/routing.go:68.34,69.38 1 10
github.com/ChonlakanSutthimatmongkhol/ctx-saver/internal/hooks/routing.go:69.38,70.26 1 34
github.com/ChonlakanSutthimatmongkhol/ctx-saver/internal/hooks/routing.go:70.26,72.4 1 3
github.com/ChonlakanSutthimatmongkhol/ctx-saver/internal/hooks/routing.go:74.2,74.14 1 7
github.com/ChonlakanSutthimatmongkhol/ctx-saver/internal/hooks/routing.go:109.56,112.49 2 18
github.com/ChonlakanSutthimatmongkhol/ctx-saver/internal/hooks/routing.go:112.49,114.3 1 2
github.com/ChonlakanSutthimatmongkhol/ctx-saver/internal/hooks/routing.go:117.2,117.39 1 16
github.com/ChonlakanSutthimatmongkhol/ctx-saver/internal/hooks/routing.go:117.39,118.26 1 187
github.com/ChonlakanSutthimatmongkhol/ctx-saver/internal/hooks/routing.go:118.26,123.4 1 6
github.com/ChonlakanSutthimatmongkhol/ctx-saver/internal/hooks/routing.go:127.2,127.40 1 10
github.com/ChonlakanSutthimatmongkhol/ctx-saver/internal/hooks/routing.go:127.40,129.45 1 43
github.com/ChonlakanSutthimatmongkhol/ctx-saver/internal/hooks/routing.go:129.45,130.12 1 3
github.com/ChonlakanSutthimatmongkhol/ctx-saver/internal/hooks/routing.go:132.3,132.36 1 40
github.com/ChonlakanSutthimatmongkhol/ctx-saver/internal/hooks/routing.go:132.36,137.4 1 3
github.com/ChonlakanSutthimatmongkhol/ctx-saver/internal/hooks/routing.go:140.2,140.37 1 7
github.com/ChonlakanSutthimatmongkhol/ctx-saver/internal/hooks/routing.go:143.24,144.11 1 6
github.com/ChonlakanSutthimatmongkhol/ctx-saver/internal/hooks/routing.go:144.11,146.3 1 0
github.com/ChonlakanSutthimatmongkhol/ctx-saver/internal/hooks/routing.go:147.2,147.10 1 6
github.com/ChonlakanSutthimatmongkhol/ctx-saver/internal/hooks/sessionstart.go:31.81,33.16 2 3
github.com/ChonlakanSutthimatmongkhol/ctx-saver/internal/hooks/sessionstart.go:33.16,36.3 1 0
github.com/ChonlakanSutthimatmongkhol/ctx-saver/internal/hooks/sessionstart.go:38.2,47.15 6 3
github.com/ChonlakanSutthimatmongkhol/ctx-saver/internal/hooks/sessionstart.go:47.15,49.36 2 3
github.com/ChonlakanSutthimatmongkhol/ctx-saver/internal/hooks/sessionstart.go:49.36,53.29 3 1
github.com/ChonlakanSutthimatmongkhol/ctx-saver/internal/hooks/sessionstart.go:53.29,55.19 2 1
github.com/ChonlakanSutthimatmongkhol/ctx-saver/internal/hooks/sessionstart.go:55.19,58.6 2 1
github.com/ChonlakanSutthimatmongkhol/ctx-saver/internal/hooks/sessionstart.go:60.4,60.24 1 1
github.com/ChonlakanSutthimatmongkhol/ctx-saver/internal/hooks/sessionstart.go:60.24,62.31 2 1
github.com/ChonlakanSutthimatmongkhol/ctx-saver/internal/hooks/sessionstart.go:62.31,65.6 2 1
github.com/ChonlakanSutthimatmongkhol/ctx-saver/internal/hooks/sessionstart.go:70.3,76.5 1 3
github.com/ChonlakanSutthimatmongkhol/ctx-saver/internal/hooks/sessionstart.go:79.2,79.63 1 3
github.com/ChonlakanSutthimatmongkhol/ctx-saver/internal/hooks/sessionstart.go:84.33,85.44 1 1
github.com/ChonlakanSutthimatmongkhol/ctx-saver/internal/hooks/sessionstart.go:85.44,87.3 1 1
github.com/ChonlakanSutthimatmongkhol/ctx-saver/internal/hooks/sessionstart.go:88.2,88.10 1 0
github.com/ChonlakanSutthimatmongkhol/ctx-saver/internal/hooks/sessionstart.go:91.75,98.2 1 3
github.com/ChonlakanSutthimatmongkhol/ctx-saver/internal/store/migrations.go:12.38,16.18 1 14
github.com/ChonlakanSutthimatmongkhol/ctx-saver/internal/store/migrations.go:16.18,18.3 1 0
github.com/ChonlakanSutthimatmongkhol/ctx-saver/internal/store/migrations.go:20.2,22.16 3 14
github.com/ChonlakanSutthimatmongkhol/ctx-saver/internal/store/migrations.go:22.16,24.3 1 0
github.com/ChonlakanSutthimatmongkhol/ctx-saver/internal/store/migrations.go:26.2,26.55 1 14
github.com/ChonlakanSutthimatmongkhol/ctx-saver/internal/store/migrations.go:26.55,27.47 1 28
github.com/ChonlakanSutthimatmongkhol/ctx-saver/internal/store/migrations.go:27.47,29.4 1 0
github.com/ChonlakanSutthimatmongkhol/ctx-saver/internal/store/migrations.go:31.2,31.12 1 14
github.com/ChonlakanSutthimatmongkhol/ctx-saver/internal/store/migrations.go:34.52,36.16 2 28
github.com/ChonlakanSutthimatmongkhol/ctx-saver/internal/store/migrations.go:36.16,38.3 1 0
github.com/ChonlakanSutthimatmongkhol/ctx-saver/internal/store/migrations.go:39.2,41.17 2 28
github.com/ChonlakanSutthimatmongkhol/ctx-saver/internal/store/migrations.go:42.9,43.40 1 14
github.com/ChonlakanSutthimatmongkhol/ctx-saver/internal/store/migrations.go:43.40,45.4 1 0
github.com/ChonlakanSutthimatmongkhol/ctx-saver/internal/store/migrations.go:46.9,47.40 1 14
github.com/ChonlakanSutthimatmongkhol/ctx-saver/internal/store/migrations.go:47.40,49.4 1 0
github.com/ChonlakanSutthimatmongkhol/ctx-saver/internal/store/migrations.go:50.10,51.61 1 0
github.com/ChonlakanSutthimatmongkhol/ctx-saver/internal/store/migrations.go:54.2,54.94 1 28
github.com/ChonlakanSutthimatmongkhol/ctx-saver/internal/store/migrations.go:54.94,56.3 1 0
github.com/ChonlakanSutthimatmongkhol/ctx-saver/internal/store/migrations.go:57.2,57.20 1 28
github.com/ChonlakanSutthimatmongkhol/ctx-saver/internal/store/migrations.go:61.35,89.29 2 14
github.com/ChonlakanSutthimatmongkhol/ctx-saver/internal/store/migrations.go:89.29,90.42 1 56
github.com/ChonlakanSutthimatmongkhol/ctx-saver/internal/store/migrations.go:90.42,92.4 1 0
github.com/ChonlakanSutthimatmongkhol/ctx-saver/internal/store/migrations.go:94.2,94.12 1 14
github.com/ChonlakanSutthimatmongkhol/ctx-saver/internal/store/migrations.go:97.24,98.11 1 0
github.com/ChonlakanSutthimatmongkhol/ctx-saver/internal/store/migrations.go:98.11,100.3 1 0
github.com/ChonlakanSutthimatmongkhol/ctx-saver/internal/store/migrations.go:101.2,101.10 1 0
github.com/ChonlakanSutthimatmongkhol/ctx-saver/internal/store/migrations.go:105.35,121.29 2 14
github.com/ChonlakanSutthimatmongkhol/ctx-saver/internal/store/migrations.go:121.29,122.42 1 42
github.com/ChonlakanSutthimatmongkhol/ctx-saver/internal/store/migrations.go:122.42,124.4 1 0
github.com/ChonlakanSutthimatmongkhol/ctx-saver/internal/store/migrations.go:126.2,126.12 1 14
github.com/ChonlakanSutthimatmongkhol/ctx-saver/internal/store/sqlite.go:24.72,25.51 1 14
github.com/ChonlakanSutthimatmongkhol/ctx-saver/internal/store/sqlite.go:25.51,27.3 1 0
github.com/ChonlakanSutthimatmongkhol/ctx-saver/internal/store/sqlite.go:29.2,33.16 3 14
github.com/ChonlakanSutthimatmongkhol/ctx-saver/internal/store/sqlite.go:33.16,35.3 1 0
github.com/ChonlakanSutthimatmongkhol/ctx-saver/internal/store/sqlite.go:38.2,40.42 2 14
github.com/ChonlakanSutthimatmongkhol/ctx-saver/internal/store/sqlite.go:40.42,43.3 2 0
github.com/ChonlakanSutthimatmongkhol/ctx-saver/internal/store/sqlite.go:46.2,46.47 1 14
github.com/ChonlakanSutthimatmongkhol/ctx-saver/internal/store/sqlite.go:46.47,49.3 2 0
github.com/ChonlakanSutthimatmongkhol/ctx-saver/internal/store/sqlite.go:51.2,51.34 1 14
github.com/ChonlakanSutthimatmongkhol/ctx-saver/internal/store/sqlite.go:58.49,61.44 1 14
github.com/ChonlakanSutthimatmongkhol/ctx-saver/internal/store/sqlite.go:61.44,63.3 1 0
github.com/ChonlakanSutthimatmongkhol/ctx-saver/internal/store/sqlite.go:64.2,66.37 3 14
github.com/ChonlakanSutthimatmongkhol/ctx-saver/internal/store/sqlite.go:70.71,72.16 2 31
github.com/ChonlakanSutthimatmongkhol/ctx-saver/internal/store/sqlite.go:72.16,74.3 1 0
github.com/ChonlakanSutthimatmongkhol/ctx-saver/internal/store/sqlite.go:75.2,93.16 3 31
github.com/ChonlakanSutthimatmongkhol/ctx-saver/internal/store/sqlite.go:93.16,95.3 1 0
github.com/ChonlakanSutthimatmongkhol/ctx-saver/internal/store/sqlite.go:98.2,100.16 2 31
github.com/ChonlakanSutthimatmongkhol/ctx-saver/internal/store/sqlite.go:100.16,102.3 1 0
github.com/ChonlakanSutthimatmongkhol/ctx-saver/internal/store/sqlite.go:103.2,105.62 2 31
github.com/ChonlakanSutthimatmongkhol/ctx-saver/internal/store/sqlite.go:105.62,106.36 1 155
github.com/ChonlakanSutthimatmongkhol/ctx-saver/internal/store/sqlite.go:106.36,107.12 1 0
github.com/ChonlakanSutthimatmongkhol/ctx-saver/internal/store/sqlite.go:109.3,109.78 1 155
github.com/ChonlakanSutthimatmongkhol/ctx-saver/internal/store/sqlite.go:109.78,111.4 1 0
github.com/ChonlakanSutthimatmongkhol/ctx-saver/internal/store/sqlite.go:114.2,114.20 1 31
github.com/ChonlakanSutthimatmongkhol/ctx-saver/internal/store/sqlite.go:118.76,131.26 5 4
github.com/ChonlakanSutthimatmongkhol/ctx-saver/internal/store/sqlite.go:131.26,133.3 1 2
github.com/ChonlakanSutthimatmongkhol/ctx-saver/internal/store/sqlite.go:134.2,134.16 1 2
github.com/ChonlakanSutthimatmongkhol/ctx-saver/internal/store/sqlite.go:134.16,136.3 1 0
github.com/ChonlakanSutthimatmongkhol/ctx-saver/internal/store/sqlite.go:137.2,138.16 2 2
github.com/ChonlakanSutthimatmongkhol/ctx-saver/internal/store/sqlite.go:142.103,143.16 1 2
github.com/ChonlakanSutthimatmongkhol/ctx-saver/internal/store/sqlite.go:143.16,145.3 1 0
github.com/ChonlakanSutthimatmongkhol/ctx-saver/internal/store/sqlite.go:146.2,152.16 2 2
github.com/ChonlakanSutthimatmongkhol/ctx-saver/internal/store/sqlite.go:152.16,154.3 1 0
github.com/ChonlakanSutthimatmongkhol/ctx-saver/internal/store/sqlite.go:155.2,158.18 3 2
github.com/ChonlakanSutthimatmongkhol/ctx-saver/internal/store/sqlite.go:158.18,161.100 3 8
github.com/ChonlakanSutthimatmongkhol/ctx-saver/internal/store/sqlite.go:161.100,163.4 1 0
github.com/ChonlakanSutthimatmongkhol/ctx-saver/internal/store/sqlite.go:164.3,165.28 2 8
github.com/ChonlakanSutthimatmongkhol/ctx-saver/internal/store/sqlite.go:167.2,167.26 1 2
github.com/ChonlakanSutthimatmongkhol/ctx-saver/internal/store/sqlite.go:172.109,173.21 1 3
github.com/ChonlakanSutthimatmongkhol/ctx-saver/internal/store/sqlite.go:173.21,175.3 1 0
github.com/ChonlakanSutthimatmongkhol/ctx-saver/internal/store/sqlite.go:178.2,179.20 2 3
github.com/ChonlakanSutthimatmongkhol/ctx-saver/internal/store/sqlite.go:179.20,181.3 1 1
github.com/ChonlakanSutthimatmongkhol/ctx-saver/internal/store/sqlite.go:183.2,191.16 2 3
github.com/ChonlakanSutthimatmongkhol/ctx-saver/internal/store/sqlite.go:191.16,193.3 1 0
github.com/ChonlakanSutthimatmongkhol/ctx-saver/internal/store/sqlite.go:194.2,197.18 3 3
github.com/ChonlakanSutthimatmongkhol/ctx-saver/internal/store/sqlite.go:197.18,200.76 3 3
github.com/ChonlakanSutthimatmongkhol/ctx-saver/internal/store/sqlite.go:200.76,202.4 1 0
github.com/ChonlakanSutthimatmongkhol/ctx-saver/internal/store/sqlite.go:203.3,204.47 2 3
github.com/ChonlakanSutthimatmongkhol/ctx-saver/internal/store/sqlite.go:204.47,205.12 1 1
github.com/ChonlakanSutthimatmongkhol/ctx-saver/internal/store/sqlite.go:207.3,208.33 2 2
github.com/ChonlakanSutthimatmongkhol/ctx-saver/internal/store/sqlite.go:208.33,209.9 1 0
github.com/ChonlakanSutthimatmongkhol/ctx-saver/internal/store/sqlite.go:212.2,212.28 1 3
github.com/ChonlakanSutthimatmongkhol/ctx-saver/internal/store/sqlite.go:216.97,223.16 3 1
github.com/ChonlakanSutthimatmongkhol/ctx-saver/internal/store/sqlite.go:223.16,225.3 1 0
github.com/ChonlakanSutthimatmongkhol/ctx-saver/internal/store/sqlite.go:226.2,227.18 2 1
github.com/ChonlakanSutthimatmongkhol/ctx-saver/internal/store/sqlite.go:227.18,229.40 2 1
github.com/ChonlakanSutthimatmongkhol/ctx-saver/internal/store/sqlite.go:229.40,232.4 2 0
github.com/ChonlakanSutthimatmongkhol/ctx-saver/internal/store/sqlite.go:233.3,233.24 1 1
github.com/ChonlakanSutthimatmongkhol/ctx-saver/internal/store/sqlite.go:235.2,236.35 2 1
github.com/ChonlakanSutthimatmongkhol/ctx-saver/internal/store/sqlite.go:236.35,238.3 1 0
github.com/ChonlakanSutthimatmongkhol/ctx-saver/internal/store/sqlite.go:240.2,240.19 1 1
github.com/ChonlakanSutthimatmongkhol/ctx-saver/internal/store/sqlite.go:240.19,242.3 1 0
github.com/ChonlakanSutthimatmongkhol/ctx-saver/internal/store/sqlite.go:244.2,245.16 2 1
github.com/ChonlakanSutthimatmongkhol/ctx-saver/internal/store/sqlite.go:245.16,247.3 1 0
github.com/ChonlakanSutthimatmongkhol/ctx-saver/internal/store/sqlite.go:248.2,250.25 2 1
github.com/ChonlakanSutthimatmongkhol/ctx-saver/internal/store/sqlite.go:250.25,251.95 1 1
github.com/ChonlakanSutthimatmongkhol/ctx-saver/internal/store/sqlite.go:251.95,253.4 1 0
github.com/ChonlakanSutthimatmongkhol/ctx-saver/internal/store/sqlite.go:254.3,254.99 1 1
github.com/ChonlakanSutthimatmongkhol/ctx-saver/internal/store/sqlite.go:254.99,256.4 1 0
github.com/ChonlakanSutthimatmongkhol/ctx-saver/internal/store/sqlite.go:258.2,258.20 1 1
github.com/ChonlakanSutthimatmongkhol/ctx-saver/internal/store/sqlite.go:262.88,277.16 2 4
github.com/ChonlakanSutthimatmongkhol/ctx-saver/internal/store/sqlite.go:277.16,279.3 1 0
github.com/ChonlakanSutthimatmongkhol/ctx-saver/internal/store/sqlite.go:280.2,280.12 1 4
github.com/ChonlakanSutthimatmongkhol/ctx-saver/internal/store/sqlite.go:284.116,285.16 1 0
github.com/ChonlakanSutthimatmongkhol/ctx-saver/internal/store/sqlite.go:285.16,287.3 1 0
github.com/ChonlakanSutthimatmongkhol/ctx-saver/internal/store/sqlite.go:288.2,295.16 2 0
github.com/ChonlakanSutthimatmongkhol/ctx-saver/internal/store/sqlite.go:295.16,297.3 1 0
github.com/ChonlakanSutthimatmongkhol/ctx-saver/internal/store/sqlite.go:298.2,299.32 2 0
github.com/ChonlakanSutthimatmongkhol/ctx-saver/internal/store/sqlite.go:304.125,305.16 1 0
github.com/ChonlakanSutthimatmongkhol/ctx-saver/internal/store/sqlite.go:305.16,307.3 1 0
github.com/ChonlakanSutthimatmongkhol/ctx-saver/internal/store/sqlite.go:308.2,315.16 2 0
github.com/ChonlakanSutthimatmongkhol/ctx-saver/internal/store/sqlite.go:315.16,317.3 1 0
github.com/ChonlakanSutthimatmongkhol/ctx-saver/internal/store/sqlite.go:318.2,320.16 3 0
github.com/ChonlakanSutthimatmongkhol/ctx-saver/internal/store/sqlite.go:320.16,322.3 1 0
github.com/ChonlakanSutthimatmongkhol/ctx-saver/internal/store/sqlite.go:324.2,324.55 1 0
github.com/ChonlakanSutthimatmongkhol/ctx-saver/internal/store/sqlite.go:324.55,326.3 1 0
github.com/ChonlakanSutthimatmongkhol/ctx-saver/internal/store/sqlite.go:327.2,327.20 1 0
github.com/ChonlakanSutthimatmongkhol/ctx-saver/internal/store/sqlite.go:330.65,332.18 2 0
github.com/ChonlakanSutthimatmongkhol/ctx-saver/internal/store/sqlite.go:332.18,338.17 3 0
github.com/ChonlakanSutthimatmongkhol/ctx-saver/internal/store/sqlite.go:338.17,340.4 1 0
github.com/ChonlakanSutthimatmongkhol/ctx-saver/internal/store/sqlite.go:341.3,342.30 2 0
github.com/ChonlakanSutthimatmongkhol/ctx-saver/internal/store/sqlite.go:344.2,344.27 1 0
github.com/ChonlakanSutthimatmongkhol/ctx-saver/internal/store/sqlite.go:350.106,352.21 2 5
github.com/ChonlakanSutthimatmongkhol/ctx-saver/internal/store/sqlite.go:352.21,354.3 1 1
github.com/ChonlakanSutthimatmongkhol/ctx-saver/internal/store/sqlite.go:356.2,368.115 3 5
github.com/ChonlakanSutthimatmongkhol/ctx-saver/internal/store/sqlite.go:368.115,370.3 1 0
github.com/ChonlakanSutthimatmongkhol/ctx-saver/internal/store/sqlite.go:373.2,381.16 2 5
github.com/ChonlakanSutthimatmongkhol/ctx-saver/internal/store/sqlite.go:381.16,383.3 1 0
github.com/ChonlakanSutthimatmongkhol/ctx-saver/internal/store/sqlite.go:384.2,385.18 2 5
github.com/ChonlakanSutthimatmongkhol/ctx-saver/internal/store/sqlite.go:385.18,387.72 2 5
github.com/ChonlakanSutthimatmongkhol/ctx-saver/internal/store/sqlite.go:387.72,389.4 1 0
github.com/ChonlakanSutthimatmongkhol/ctx-saver/internal/store/sqlite.go:390.3,390.51 1 5
github.com/ChonlakanSutthimatmongkhol/ctx-saver/internal/store/sqlite.go:392.2,392.35 1 5
github.com/ChonlakanSutthimatmongkhol/ctx-saver/internal/store/sqlite.go:392.35,394.3 1 0
github.com/ChonlakanSutthimatmongkhol/ctx-saver/internal/store/sqlite.go:397.2,404.16 2 5
github.com/ChonlakanSutthimatmongkhol/ctx-saver/internal/store/sqlite.go:404.16,406.3 1 0
github.com/ChonlakanSutthimatmongkhol/ctx-saver/internal/store/sqlite.go:407.2,408.19 2 5
github.com/ChonlakanSutthimatmongkhol/ctx-saver/internal/store/sqlite.go:408.19,410.89 2 5
github.com/ChonlakanSutthimatmongkhol/ctx-saver/internal/store/sqlite.go:410.89,412.4 1 0
github.com/ChonlakanSutthimatmongkhol/ctx-saver/internal/store/sqlite.go:413.3,413.57 1 5
github.com/ChonlakanSutthimatmongkhol/ctx-saver/internal/store/sqlite.go:415.2,415.36 1 5
github.com/ChonlakanSutthimatmongkhol/ctx-saver/internal/store/sqlite.go:415.36,417.3 1 0
github.com/ChonlakanSutthimatmongkhol/ctx-saver/internal/store/sqlite.go:420.2,424.57 2 5
github.com/ChonlakanSutthimatmongkhol/ctx-saver/internal/store/sqlite.go:424.57,426.3 1 0
github.com/ChonlakanSutthimatmongkhol/ctx-saver/internal/store/sqlite.go:428.2,432.59 2 5
github.com/ChonlakanSutthimatmongkhol/ctx-saver/internal/store/sqlite.go:432.59,434.3 1 0
github.com/ChonlakanSutthimatmongkhol/ctx-saver/internal/store/sqlite.go:436.2,440.58 2 5
github.com/ChonlakanSutthimatmongkhol/ctx-saver/internal/store/sqlite.go:440.58,442.3 1 0
github.com/ChonlakanSutthimatmongkhol/ctx-saver/internal/store/sqlite.go:444.2,444.19 1 5
github.com/ChonlakanSutthimatmongkhol/ctx-saver/internal/store/sqlite.go:448.37,450.2 1 14
github.com/ChonlakanSutthimatmongkhol/ctx-saver/internal/sandbox/srt.go:13.36,17.2 1 0
github.com/ChonlakanSutthimatmongkhol/ctx-saver/internal/sandbox/srt.go:20.83,22.2 1 0
github.com/ChonlakanSutthimatmongkhol/ctx-saver/internal/sandbox/subprocess.go:19.62,21.2 1 10
github.com/ChonlakanSutthimatmongkhol/ctx-saver/internal/sandbox/subprocess.go:25.94,28.37 1 10
github.com/ChonlakanSutthimatmongkhol/ctx-saver/internal/sandbox/subprocess.go:28.37,29.54 1 10
github.com/ChonlakanSutthimatmongkhol/ctx-saver/internal/sandbox/subprocess.go:29.54,31.4 1 2
github.com/ChonlakanSutthimatmongkhol/ctx-saver/internal/sandbox/subprocess.go:32.8,34.49 2 0
github.com/ChonlakanSutthimatmongkhol/ctx-saver/internal/sandbox/subprocess.go:34.49,36.4 1 0
github.com/ChonlakanSutthimatmongkhol/ctx-saver/internal/sandbox/subprocess.go:39.2,40.18 2 8
github.com/ChonlakanSutthimatmongkhol/ctx-saver/internal/sandbox/subprocess.go:40.18,42.3 1 0
github.com/ChonlakanSutthimatmongkhol/ctx-saver/internal/sandbox/subprocess.go:43.2,47.23 4 8
github.com/ChonlakanSutthimatmongkhol/ctx-saver/internal/sandbox/subprocess.go:47.23,49.3 1 1
github.com/ChonlakanSutthimatmongkhol/ctx-saver/internal/sandbox/subprocess.go:50.2,50.22 1 8
github.com/ChonlakanSutthimatmongkhol/ctx-saver/internal/sandbox/subprocess.go:50.22,52.3 1 1
github.com/ChonlakanSutthimatmongkhol/ctx-saver/internal/sandbox/subprocess.go:54.2,63.19 8 8
github.com/ChonlakanSutthimatmongkhol/ctx-saver/internal/sandbox/subprocess.go:63.19,66.44 1 2
github.com/ChonlakanSutthimatmongkhol/ctx-saver/internal/sandbox/subprocess.go:66.44,68.4 1 1
github.com/ChonlakanSutthimatmongkhol/ctx-saver/internal/sandbox/subprocess.go:69.3,69.50 1 1
github.com/ChonlakanSutthimatmongkhol/ctx-saver/internal/sandbox/subprocess.go:69.50,72.4 1 1
github.com/ChonlakanSutthimatmongkhol/ctx-saver/internal/sandbox/subprocess.go:72.9,74.4 1 0
github.com/ChonlakanSutthimatmongkhol/ctx-saver/internal/sandbox/subprocess.go:77.2,81.37 2 7
github.com/ChonlakanSutthimatmongkhol/ctx-saver/internal/sandbox/subprocess.go:81.37,83.3 1 0
github.com/ChonlakanSutthimatmongkhol/ctx-saver/internal/sandbox/subprocess.go:85.2,89.8 1 7
github.com/ChonlakanSutthimatmongkhol/ctx-saver/internal/sandbox/subprocess.go:93.51,96.2 1 10
github.com/ChonlakanSutthimatmongkhol/ctx-saver/internal/sandbox/subprocess.go:100.65,101.52 1 10
github.com/ChonlakanSutthimatmongkhol/ctx-saver/internal/sandbox/subprocess.go:101.52,103.49 2 10
github.com/ChonlakanSutthimatmongkhol/ctx-saver/internal/sandbox/subprocess.go:103.49,104.12 1 0
github.com/ChonlakanSutthimatmongkhol/ctx-saver/internal/sandbox/subprocess.go:106.3,106.42 1 10
github.com/ChonlakanSutthimatmongkhol/ctx-saver/internal/sandbox/subprocess.go:106.42,107.41 1 4
github.com/ChonlakanSutthimatmongkhol/ctx-saver/internal/sandbox/subprocess.go:107.41,109.5 1 2
github.com/ChonlakanSutthimatmongkhol/ctx-saver/internal/sandbox/subprocess.go:112.2,112.12 1 8
github.com/ChonlakanSutthimatmongkhol/ctx-saver/internal/sandbox/subprocess.go:117.51,120.19 3 4
github.com/ChonlakanSutthimatmongkhol/ctx-saver/internal/sandbox/subprocess.go:120.19,122.3 1 0
github.com/ChonlakanSutthimatmongkhol/ctx-saver/internal/sandbox/subprocess.go:123.2,123.37 1 4
github.com/ChonlakanSutthimatmongkhol/ctx-saver/internal/sandbox/subprocess.go:123.37,126.3 2 2
github.com/ChonlakanSutthimatmongkhol/ctx-saver/internal/sandbox/subprocess.go:128.2,128.62 1 2
github.com/ChonlakanSutthimatmongkhol/ctx-saver/internal/summary/detector.go:18.62,19.41 1 0
github.com/ChonlakanSutthimatmongkhol/ctx-saver/internal/summary/detector.go:19.41,20.32 1 0
github.com/ChonlakanSutthimatmongkhol/ctx-saver/internal/summary/detector.go:20.32,22.4 1 0
github.com/ChonlakanSutthimatmongkhol/ctx-saver/internal/summary/detector.go:24.2,24.63 1 0
github.com/ChonlakanSutthimatmongkhol/ctx-saver/internal/summary/detector.go:28.98,29.41 1 0
github.com/ChonlakanSutthimatmongkhol/ctx-saver/internal/summary/detector.go:29.41,30.32 1 0
github.com/ChonlakanSutthimatmongkhol/ctx-saver/internal/summary/detector.go:30.32,32.4 1 0
github.com/ChonlakanSutthimatmongkhol/ctx-saver/internal/summary/detector.go:34.2,34.78 1 0
github.com/ChonlakanSutthimatmongkhol/ctx-saver/internal/summary/summary.go:23.71,24.22 1 4
github.com/ChonlakanSutthimatmongkhol/ctx-saver/internal/summary/summary.go:24.22,31.3 1 1
github.com/ChonlakanSutthimatmongkhol/ctx-saver/internal/summary/summary.go:34.2,39.20 5 3
github.com/ChonlakanSutthimatmongkhol/ctx-saver/internal/summary/summary.go:39.20,41.3 1 0
github.com/ChonlakanSutthimatmongkhol/ctx-saver/internal/summary/summary.go:42.2,42.19 1 3
github.com/ChonlakanSutthimatmongkhol/ctx-saver/internal/summary/summary.go:42.19,44.3 1 0
github.com/ChonlakanSutthimatmongkhol/ctx-saver/internal/summary/summary.go:46.2,47.26 2 3
github.com/ChonlakanSutthimatmongkhol/ctx-saver/internal/summary/summary.go:47.26,54.3 1 2
github.com/ChonlakanSutthimatmongkhol/ctx-saver/internal/summary/summary.go:56.2,59.38 3 1
github.com/ChonlakanSutthimatmongkhol/ctx-saver/internal/summary/summary.go:59.38,62.3 2 10
github.com/ChonlakanSutthimatmongkhol/ctx-saver/internal/summary/summary.go:63.2,64.49 2 1
github.com/ChonlakanSutthimatmongkhol/ctx-saver/internal/summary/summary.go:64.49,67.3 2 3
github.com/ChonlakanSutthimatmongkhol/ctx-saver/internal/summary/summary.go:69.2,69.59 1 1
github.com/ChonlakanSutthimatmongkhol/ctx-saver/internal/summary/summary.go:69.59,71.30 2 0
github.com/ChonlakanSutthimatmongkhol/ctx-saver/internal/summary/summary.go:71.30,74.4 2 0
github.com/ChonlakanSutthimatmongkhol/ctx-saver/internal/summary/summary.go:77.2,82.3 1 1
github.com/ChonlakanSutthimatmongkhol/ctx-saver/internal/summary/summary.go:86.47,88.29 2 1
github.com/ChonlakanSutthimatmongkhol/ctx-saver/internal/summary/summary.go:88.29,89.108 1 100
github.com/ChonlakanSutthimatmongkhol/ctx-saver/internal/summary/summary.go:89.108,91.4 1 0
github.com/ChonlakanSutthimatmongkhol/ctx-saver/internal/summary/summary.go:93.2,93.12 1 1
github.com/ChonlakanSutthimatmongkhol/ctx-saver/internal/summary/summary.go:97.75,100.2 1 1
github.com/ChonlakanSutthimatmongkhol/ctx-saver/internal/handlers/execute.go:53.125,55.2 1 8
github.com/ChonlakanSutthimatmongkhol/ctx-saver/internal/handlers/execute.go:58.142,59.22 1 8
github.com/ChonlakanSutthimatmongkhol/ctx-saver/internal/handlers/execute.go:59.22,61.3 1 1
github.com/ChonlakanSutthimatmongkhol/ctx-saver/internal/handlers/execute.go:63.2,73.16 4 7
github.com/ChonlakanSutthimatmongkhol/ctx-saver/internal/handlers/execute.go:73.16,75.3 1 1
github.com/ChonlakanSutthimatmongkhol/ctx-saver/internal/handlers/execute.go:77.2,78.42 2 6
github.com/ChonlakanSutthimatmongkhol/ctx-saver/internal/handlers/execute.go:78.42,81.3 1 1
github.com/ChonlakanSutthimatmongkhol/ctx-saver/internal/handlers/execute.go:83.2,90.37 3 5
github.com/ChonlakanSutthimatmongkhol/ctx-saver/internal/handlers/execute.go:90.37,93.30 2 2
github.com/ChonlakanSutthimatmongkhol/ctx-saver/internal/handlers/execute.go:93.30,95.4 1 0
github.com/ChonlakanSutthimatmongkhol/ctx-saver/internal/handlers/execute.go:96.3,100.9 2 2
github.com/ChonlakanSutthimatmongkhol/ctx-saver/internal/handlers/execute.go:104.2,105.28 2 3
github.com/ChonlakanSutthimatmongkhol/ctx-saver/internal/handlers/execute.go:105.28,107.3 1 1
github.com/ChonlakanSutthimatmongkhol/ctx-saver/internal/handlers/execute.go:108.2,127.44 6 3
github.com/ChonlakanSutthimatmongkhol/ctx-saver/internal/handlers/execute.go:127.44,129.3 1 1
github.com/ChonlakanSutthimatmongkhol/ctx-saver/internal/handlers/execute.go:131.2,137.8 2 2
github.com/ChonlakanSutthimatmongkhol/ctx-saver/internal/handlers/execute.go:141.93,142.35 1 7
github.com/ChonlakanSutthimatmongkhol/ctx-saver/internal/handlers/execute.go:143.16,144.46 1 0
github.com/ChonlakanSutthimatmongkhol/ctx-saver/internal/handlers/execute.go:145.12,147.50 1 0
github.com/ChonlakanSutthimatmongkhol/ctx-saver/internal/handlers/execute.go:148.14,149.43 1 0
github.com/ChonlakanSutthimatmongkhol/ctx-saver/internal/handlers/execute.go:150.10,151.46 1 7
github.com/ChonlakanSutthimatmongkhol/ctx-saver/internal/handlers/execute.go:157.52,159.24 2 3
github.com/ChonlakanSutthimatmongkhol/ctx-saver/internal/handlers/execute.go:159.24,161.3 1 0
github.com/ChonlakanSutthimatmongkhol/ctx-saver/internal/handlers/execute.go:162.2,162.20 1 3
github.com/ChonlakanSutthimatmongkhol/ctx-saver/internal/handlers/execute.go:162.20,164.3 1 0
github.com/ChonlakanSutthimatmongkhol/ctx-saver/internal/handlers/execute.go:165.2,165.47 1 3
github.com/ChonlakanSutthimatmongkhol/ctx-saver/internal/handlers/execute.go:169.32,173.2 3 4
github.com/ChonlakanSutthimatmongkhol/ctx-saver/internal/handlers/get_full.go:33.56,35.2 1 7
github.com/ChonlakanSutthimatmongkhol/ctx-saver/internal/handlers/get_full.go:38.142,39.26 1 7
github.com/ChonlakanSutthimatmongkhol/ctx-saver/internal/handlers/get_full.go:39.26,41.3 1 1
github.com/ChonlakanSutthimatmongkhol/ctx-saver/internal/handlers/get_full.go:43.2,44.16 2 6
github.com/ChonlakanSutthimatmongkhol/ctx-saver/internal/handlers/get_full.go:44.16,46.3 1 1
github.com/ChonlakanSutthimatmongkhol/ctx-saver/internal/handlers/get_full.go:49.2,55.31 5 5
github.com/ChonlakanSutthimatmongkhol/ctx-saver/internal/handlers/get_full.go:55.31,58.16 3 3
github.com/ChonlakanSutthimatmongkhol/ctx-saver/internal/handlers/get_full.go:58.16,60.4 1 0
github.com/ChonlakanSutthimatmongkhol/ctx-saver/internal/handlers/get_full.go:61.3,61.23 1 3
github.com/ChonlakanSutthimatmongkhol/ctx-saver/internal/handlers/get_full.go:61.23,63.4 1 2
github.com/ChonlakanSutthimatmongkhol/ctx-saver/internal/handlers/get_full.go:64.3,64.18 1 3
github.com/ChonlakanSutthimatmongkhol/ctx-saver/internal/handlers/get_full.go:64.18,66.4 1 1
github.com/ChonlakanSutthimatmongkhol/ctx-saver/internal/handlers/get_full.go:67.8,67.38 1 2
github.com/ChonlakanSutthimatmongkhol/ctx-saver/internal/handlers/get_full.go:67.38,69.3 1 1
github.com/ChonlakanSutthimatmongkhol/ctx-saver/internal/handlers/get_full.go:71.2,77.8 2 3
github.com/ChonlakanSutthimatmongkhol/ctx-saver/internal/handlers/list.go:39.70,41.2 1 3
github.com/ChonlakanSutthimatmongkhol/ctx-saver/internal/handlers/list.go:44.133,46.16 2 3
github.com/ChonlakanSutthimatmongkhol/ctx-saver/internal/handlers/list.go:46.16,48.3 1 1
github.com/ChonlakanSutthimatmongkhol/ctx-saver/internal/handlers/list.go:50.2,51.26 2 2
github.com/ChonlakanSutthimatmongkhol/ctx-saver/internal/handlers/list.go:51.26,59.3 1 2
github.com/ChonlakanSutthimatmongkhol/ctx-saver/internal/handlers/list.go:61.2,61.47 1 2
github.com/ChonlakanSutthimatmongkhol/ctx-saver/internal/handlers/outline.go:38.56,40.2 1 0
github.com/ChonlakanSutthimatmongkhol/ctx-saver/internal/handlers/outline.go:43.142,44.26 1 0
github.com/ChonlakanSutthimatmongkhol/ctx-saver/internal/handlers/outline.go:44.26,46.3 1 0
github.com/ChonlakanSutthimatmongkhol/ctx-saver/internal/handlers/outline.go:48.2,49.16 2 0
github.com/ChonlakanSutthimatmongkhol/ctx-saver/internal/handlers/outline.go:49.16,51.3 1 0
github.com/ChonlakanSutthimatmongkhol/ctx-saver/internal/handlers/outline.go:53.2,57.29 4 0
github.com/ChonlakanSutthimatmongkhol/ctx-saver/internal/handlers/outline.go:57.29,59.10 2 0
github.com/ChonlakanSutthimatmongkhol/ctx-saver/internal/handlers/outline.go:60.41,61.79 1 0
github.com/ChonlakanSutthimatmongkhol/ctx-saver/internal/handlers/outline.go:62.40,63.79 1 0
github.com/ChonlakanSutthimatmongkhol/ctx-saver/internal/handlers/outline.go:64.39,65.79 1 0
github.com/ChonlakanSutthimatmongkhol/ctx-saver/internal/handlers/outline.go:66.11,68.88 1 0
github.com/ChonlakanSutthimatmongkhol/ctx-saver/internal/handlers/outline.go:68.88,70.5 1 0
github.com/ChonlakanSutthimatmongkhol/ctx-saver/internal/handlers/outline.go:74.2,78.8 1 0
github.com/ChonlakanSutthimatmongkhol/ctx-saver/internal/handlers/outline.go:82.41,84.38 2 0
github.com/ChonlakanSutthimatmongkhol/ctx-saver/internal/handlers/outline.go:84.38,86.3 1 0
github.com/ChonlakanSutthimatmongkhol/ctx-saver/internal/handlers/outline.go:87.2,87.58 1 0
github.com/ChonlakanSutthimatmongkhol/ctx-saver/internal/handlers/outline.go:87.58,88.42 1 0
github.com/ChonlakanSutthimatmongkhol/ctx-saver/internal/handlers/outline.go:88.42,90.4 1 0
github.com/ChonlakanSutthimatmongkhol/ctx-saver/internal/handlers/outline.go:92.2,92.13 1 0
github.com/ChonlakanSutthimatmongkhol/ctx-saver/internal/handlers/read_file.go:46.127,48.2 1 4
github.com/ChonlakanSutthimatmongkhol/ctx-saver/internal/handlers/read_file.go:51.145,52.22 1 4
github.com/ChonlakanSutthimatmongkhol/ctx-saver/internal/handlers/read_file.go:52.22,54.3 1 1
github.com/ChonlakanSutthimatmongkhol/ctx-saver/internal/handlers/read_file.go:57.2,58.30 2 3
github.com/ChonlakanSutthimatmongkhol/ctx-saver/internal/handlers/read_file.go:58.30,60.3 1 0
github.com/ChonlakanSutthimatmongkhol/ctx-saver/internal/handlers/read_file.go:61.2,67.31 5 3
github.com/ChonlakanSutthimatmongkhol/ctx-saver/internal/handlers/read_file.go:67.31,72.17 4 3
github.com/ChonlakanSutthimatmongkhol/ctx-saver/internal/handlers/read_file.go:72.17,74.4 1 1
github.com/ChonlakanSutthimatmongkhol/ctx-saver/internal/handlers/read_file.go:75.3,75.19 1 2
github.com/ChonlakanSutthimatmongkhol/ctx-saver/internal/handlers/read_file.go:76.8,79.17 2 0
github.com/ChonlakanSutthimatmongkhol/ctx-saver/internal/handlers/read_file.go:79.17,81.4 1 0
github.com/ChonlakanSutthimatmongkhol/ctx-saver/internal/handlers/read_file.go:83.3,86.15 4 0
github.com/ChonlakanSutthimatmongkhol/ctx-saver/internal/handlers/read_file.go:87.17,88.66 1 0
github.com/ChonlakanSutthimatmongkhol/ctx-saver/internal/handlers/read_file.go:89.11,90.66 1 0
github.com/ChonlakanSutthimatmongkhol/ctx-saver/internal/handlers/read_file.go:93.3,100.17 2 0
github.com/ChonlakanSutthimatmongkhol/ctx-saver/internal/handlers/read_file.go:100.17,102.4 1 0
github.com/ChonlakanSutthimatmongkhol/ctx-saver/internal/handlers/read_file.go:103.3,105.29 3 0
github.com/ChonlakanSutthimatmongkhol/ctx-saver/internal/handlers/read_file.go:108.2,109.38 2 2
github.com/ChonlakanSutthimatmongkhol/ctx-saver/internal/handlers/read_file.go:109.38,112.3 1 0
github.com/ChonlakanSutthimatmongkhol/ctx-saver/internal/handlers/read_file.go:114.2,121.33 3 2
github.com/ChonlakanSutthimatmongkhol/ctx-saver/internal/handlers/read_file.go:121.33,123.26 2 1
github.com/ChonlakanSutthimatmongkhol/ctx-saver/internal/handlers/read_file.go:123.26,125.4 1 0
github.com/ChonlakanSutthimatmongkhol/ctx-saver/internal/handlers/read_file.go:126.3,131.9 2 1
github.com/ChonlakanSutthimatmongkhol/ctx-saver/internal/handlers/read_file.go:134.2,139.31 5 1
github.com/ChonlakanSutthimatmongkhol/ctx-saver/internal/handlers/read_file.go:139.31,141.3 1 0
github.com/ChonlakanSutthimatmongkhol/ctx-saver/internal/handlers/read_file.go:143.2,155.44 2 1
github.com/ChonlakanSutthimatmongkhol/ctx-saver/internal/handlers/read_file.go:155.44,157.3 1 0
github.com/ChonlakanSutthimatmongkhol/ctx-saver/internal/handlers/read_file.go:159.2,166.8 2 1
github.com/ChonlakanSutthimatmongkhol/ctx-saver/internal/handlers/search.go:49.74,51.2 1 5
github.com/ChonlakanSutthimatmongkhol/ctx-saver/internal/handlers/search.go:55.139,56.29 1 5
github.com/ChonlakanSutthimatmongkhol/ctx-saver/internal/handlers/search.go:56.29,58.3 1 1
github.com/ChonlakanSutthimatmongkhol/ctx-saver/internal/handlers/search.go:60.2,61.21 2 4
github.com/ChonlakanSutthimatmongkhol/ctx-saver/internal/handlers/search.go:61.21,63.3 1 4
github.com/ChonlakanSutthimatmongkhol/ctx-saver/internal/handlers/search.go:65.2,74.34 4 4
github.com/ChonlakanSutthimatmongkhol/ctx-saver/internal/handlers/search.go:74.34,76.25 2 6
github.com/ChonlakanSutthimatmongkhol/ctx-saver/internal/handlers/search.go:76.25,79.18 3 6
github.com/ChonlakanSutthimatmongkhol/ctx-saver/internal/handlers/search.go:79.18,82.5 2 1
github.com/ChonlakanSutthimatmongkhol/ctx-saver/internal/handlers/search.go:83.4,84.30 2 5
github.com/ChonlakanSutthimatmongkhol/ctx-saver/internal/handlers/search.go:84.30,91.5 1 1
github.com/ChonlakanSutthimatmongkhol/ctx-saver/internal/handlers/search.go:92.4,92.43 1 5
github.com/ChonlakanSutthimatmongkhol/ctx-saver/internal/handlers/search.go:97.2,97.12 1 4
github.com/ChonlakanSutthimatmongkhol/ctx-saver/internal/handlers/search.go:97.12,100.3 2 4
github.com/ChonlakanSutthimatmongkhol/ctx-saver/internal/handlers/search.go:103.2,105.20 3 4
github.com/ChonlakanSutthimatmongkhol/ctx-saver/internal/handlers/search.go:105.20,106.38 1 6
github.com/ChonlakanSutthimatmongkhol/ctx-saver/internal/handlers/search.go:106.38,108.4 1 1
github.com/ChonlakanSutthimatmongkhol/ctx-saver/internal/handlers/search.go:109.3,109.33 1 6
github.com/ChonlakanSutthimatmongkhol/ctx-saver/internal/handlers/search.go:111.2,111.21 1 4
github.com/ChonlakanSutthimatmongkhol/ctx-saver/internal/handlers/search.go:111.21,113.3 1 1
github.com/ChonlakanSutthimatmongkhol/ctx-saver/internal/handlers/search.go:116.2,116.28 1 3
github.com/ChonlakanSutthimatmongkhol/ctx-saver/internal/handlers/search.go:116.28,119.37 2 0
github.com/ChonlakanSutthimatmongkhol/ctx-saver/internal/handlers/search.go:119.37,120.30 1 0
github.com/ChonlakanSutthimatmongkhol/ctx-saver/internal/handlers/search.go:120.30,121.45 1 0
github.com/ChonlakanSutthimatmongkhol/ctx-saver/internal/handlers/search.go:121.45,122.14 1 0
github.com/ChonlakanSutthimatmongkhol/ctx-saver/internal/handlers/search.go:124.5,125.19 2 0
github.com/ChonlakanSutthimatmongkhol/ctx-saver/internal/handlers/search.go:125.19,126.14 1 0
github.com/ChonlakanSutthimatmongkhol/ctx-saver/internal/handlers/search.go:128.5,128.91 1 0
github.com/ChonlakanSutthimatmongkhol/ctx-saver/internal/handlers/search.go:131.3,131.37 1 0
github.com/ChonlakanSutthimatmongkhol/ctx-saver/internal/handlers/search.go:131.37,132.30 1 0
github.com/ChonlakanSutthimatmongkhol/ctx-saver/internal/handlers/search.go:132.30,134.12 2 0
github.com/ChonlakanSutthimatmongkhol/ctx-saver/internal/handlers/search.go:134.12,135.14 1 0
github.com/ChonlakanSutthimatmongkhol/ctx-saver/internal/handlers/search.go:137.5,138.18 2 0
github.com/ChonlakanSutthimatmongkhol/ctx-saver/internal/handlers/search.go:138.18,140.6 1 0
github.com/ChonlakanSutthimatmongkhol/ctx-saver/internal/handlers/search.go:141.5,142.25 2 0
github.com/ChonlakanSutthimatmongkhol/ctx-saver/internal/handlers/search.go:142.25,144.6 1 0
github.com/ChonlakanSutthimatmongkhol/ctx-saver/internal/handlers/search.go:145.5,145.42 1 0
github.com/ChonlakanSutthimatmongkhol/ctx-saver/internal/handlers/search.go:147.4,147.26 1 0
github.com/ChonlakanSutthimatmongkhol/ctx-saver/internal/handlers/search.go:151.2,152.34 2 3
github.com/ChonlakanSutthimatmongkhol/ctx-saver/internal/handlers/search.go:152.34,157.3 1 5
github.com/ChonlakanSutthimatmongkhol/ctx-saver/internal/handlers/search.go:159.2,159.49 1 3
github.com/ChonlakanSutthimatmongkhol/ctx-saver/internal/handlers/stats.go:63.115,65.2 1 4
github.com/ChonlakanSutthimatmongkhol/ctx-saver/internal/handlers/stats.go:68.136,70.17 2 5
github.com/ChonlakanSutthimatmongkhol/ctx-saver/internal/handlers/stats.go:70.17,72.3 1 1
github.com/ChonlakanSutthimatmongkhol/ctx-saver/internal/handlers/stats.go:74.2,75.16 2 5
github.com/ChonlakanSutthimatmongkhol/ctx-saver/internal/handlers/stats.go:75.16,77.3 1 1
github.com/ChonlakanSutthimatmongkhol/ctx-saver/internal/handlers/stats.go:79.2,80.16 2 4
github.com/ChonlakanSutthimatmongkhol/ctx-saver/internal/handlers/stats.go:80.16,82.3 1 0
github.com/ChonlakanSutthimatmongkhol/ctx-saver/internal/handlers/stats.go:84.2,88.24 4 4
github.com/ChonlakanSutthimatmongkhol/ctx-saver/internal/handlers/stats.go:88.24,90.16 2 1
github.com/ChonlakanSutthimatmongkhol/ctx-saver/internal/handlers/stats.go:90.16,92.4 1 0
github.com/ChonlakanSutthimatmongkhol/ctx-saver/internal/handlers/stats.go:93.3,93.65 1 1
github.com/ChonlakanSutthimatmongkhol/ctx-saver/internal/handlers/stats.go:96.2,109.38 2 4
github.com/ChonlakanSutthimatmongkhol/ctx-saver/internal/handlers/stats.go:109.38,113.3 1 1
github.com/ChonlakanSutthimatmongkhol/ctx-saver/internal/handlers/stats.go:114.2,114.41 1 4
github.com/ChonlakanSutthimatmongkhol/ctx-saver/internal/handlers/stats.go:114.41,119.3 1 1
github.com/ChonlakanSutthimatmongkhol/ctx-saver/internal/handlers/stats.go:120.2,120.22 1 4
github.com/ChonlakanSutthimatmongkhol/ctx-saver/internal/handlers/stats.go:125.75,126.15 1 5
github.com/ChonlakanSutthimatmongkhol/ctx-saver/internal/handlers/stats.go:127.17,128.26 1 2
github.com/ChonlakanSutthimatmongkhol/ctx-saver/internal/handlers/stats.go:129.15,131.88 2 0
github.com/ChonlakanSutthimatmongkhol/ctx-saver/internal/handlers/stats.go:132.12,133.43 1 0
github.com/ChonlakanSutthimatmongkhol/ctx-saver/internal/handlers/stats.go:134.13,135.26 1 2
github.com/ChonlakanSutthimatmongkhol/ctx-saver/internal/handlers/stats.go:136.10,137.100 1 1
